{"C:\\Users\\Diers\\OneDrive\\Escritorio\\Proyecto-Colegio-Bautista-Ebenezer-2\\fronted_cbe\\src\\App.js": {"path":"C:\\Users\\Diers\\OneDrive\\Escritorio\\Proyecto-Colegio-Bautista-Ebenezer-2\\fronted_cbe\\src\\App.js","statementMap":{"0":{"start":{"line":27,"column":32},"end":{"line":27,"column":44}},"1":{"start":{"line":29,"column":2},"end":{"line":56,"column":4}}},"fnMap":{"0":{"name":"App","decl":{"start":{"line":26,"column":9},"end":{"line":26,"column":12}},"loc":{"start":{"line":26,"column":15},"end":{"line":57,"column":1}},"line":26}},"branchMap":{},"s":{"0":1,"1":1},"f":{"0":1},"b":{},"_coverageSchema":"1a1c01bbd47fc00a2c39e90264f33305004495a9","hash":"df917cecc9849036d4cee7703ca7edc29319ceb1"}
,"C:\\Users\\Diers\\OneDrive\\Escritorio\\Proyecto-Colegio-Bautista-Ebenezer-2\\fronted_cbe\\src\\components\\Header.js": {"path":"C:\\Users\\Diers\\OneDrive\\Escritorio\\Proyecto-Colegio-Bautista-Ebenezer-2\\fronted_cbe\\src\\components\\Header.js","statementMap":{"0":{"start":{"line":7,"column":34},"end":{"line":7,"column":49}},"1":{"start":{"line":8,"column":32},"end":{"line":8,"column":44}},"2":{"start":{"line":10,"column":2},"end":{"line":12,"column":9}},"3":{"start":{"line":11,"column":4},"end":{"line":11,"column":48}},"4":{"start":{"line":14,"column":21},"end":{"line":16,"column":3}},"5":{"start":{"line":15,"column":4},"end":{"line":15,"column":27}},"6":{"start":{"line":18,"column":2},"end":{"line":143,"column":4}}},"fnMap":{"0":{"name":"Header","decl":{"start":{"line":6,"column":9},"end":{"line":6,"column":15}},"loc":{"start":{"line":6,"column":18},"end":{"line":144,"column":1}},"line":6},"1":{"name":"(anonymous_1)","decl":{"start":{"line":10,"column":12},"end":{"line":10,"column":13}},"loc":{"start":{"line":10,"column":18},"end":{"line":12,"column":3}},"line":10},"2":{"name":"(anonymous_2)","decl":{"start":{"line":14,"column":21},"end":{"line":14,"column":22}},"loc":{"start":{"line":14,"column":27},"end":{"line":16,"column":3}},"line":14}},"branchMap":{"0":{"loc":{"start":{"line":27,"column":15},"end":{"line":66,"column":15}},"type":"binary-expr","locations":[{"start":{"line":27,"column":15},"end":{"line":27,"column":42}},{"start":{"line":28,"column":16},"end":{"line":65,"column":19}}],"line":27},"1":{"loc":{"start":{"line":67,"column":15},"end":{"line":72,"column":15}},"type":"binary-expr","locations":[{"start":{"line":67,"column":16},"end":{"line":67,"column":37}},{"start":{"line":67,"column":41},"end":{"line":67,"column":68}},{"start":{"line":68,"column":16},"end":{"line":71,"column":30}}],"line":67},"2":{"loc":{"start":{"line":80,"column":27},"end":{"line":80,"column":54}},"type":"cond-expr","locations":[{"start":{"line":80,"column":38},"end":{"line":80,"column":44}},{"start":{"line":80,"column":47},"end":{"line":80,"column":54}}],"line":80},"3":{"loc":{"start":{"line":93,"column":13},"end":{"line":132,"column":13}},"type":"binary-expr","locations":[{"start":{"line":93,"column":13},"end":{"line":93,"column":40}},{"start":{"line":94,"column":14},"end":{"line":131,"column":17}}],"line":93},"4":{"loc":{"start":{"line":133,"column":13},"end":{"line":138,"column":13}},"type":"binary-expr","locations":[{"start":{"line":133,"column":14},"end":{"line":133,"column":35}},{"start":{"line":133,"column":39},"end":{"line":133,"column":66}},{"start":{"line":134,"column":14},"end":{"line":137,"column":28}}],"line":133}},"s":{"0":0,"1":0,"2":0,"3":0,"4":0,"5":0,"6":0},"f":{"0":0,"1":0,"2":0},"b":{"0":[0,0],"1":[0,0,0],"2":[0,0],"3":[0,0],"4":[0,0,0]},"_coverageSchema":"1a1c01bbd47fc00a2c39e90264f33305004495a9","hash":"13e86112e43a91bf93b35a65edddccfd5ce356da"}
,"C:\\Users\\Diers\\OneDrive\\Escritorio\\Proyecto-Colegio-Bautista-Ebenezer-2\\fronted_cbe\\src\\pages\\Login.js": {"path":"C:\\Users\\Diers\\OneDrive\\Escritorio\\Proyecto-Colegio-Bautista-Ebenezer-2\\fronted_cbe\\src\\pages\\Login.js","statementMap":{"0":{"start":{"line":5,"column":14},"end":{"line":130,"column":1}},"1":{"start":{"line":6,"column":19},"end":{"line":6,"column":32}},"2":{"start":{"line":8,"column":46},"end":{"line":8,"column":58}},"3":{"start":{"line":9,"column":38},"end":{"line":9,"column":50}},"4":{"start":{"line":11,"column":23},"end":{"line":36,"column":3}},"5":{"start":{"line":12,"column":4},"end":{"line":12,"column":27}},"6":{"start":{"line":13,"column":21},"end":{"line":13,"column":51}},"7":{"start":{"line":15,"column":4},"end":{"line":35,"column":5}},"8":{"start":{"line":16,"column":23},"end":{"line":22,"column":8}},"9":{"start":{"line":24,"column":6},"end":{"line":32,"column":7}},"10":{"start":{"line":25,"column":24},"end":{"line":25,"column":45}},"11":{"start":{"line":26,"column":8},"end":{"line":26,"column":20}},"12":{"start":{"line":27,"column":8},"end":{"line":27,"column":45}},"13":{"start":{"line":28,"column":8},"end":{"line":28,"column":26}},"14":{"start":{"line":30,"column":8},"end":{"line":30,"column":48}},"15":{"start":{"line":31,"column":8},"end":{"line":31,"column":44}},"16":{"start":{"line":34,"column":6},"end":{"line":34,"column":54}},"17":{"start":{"line":38,"column":2},"end":{"line":129,"column":4}},"18":{"start":{"line":91,"column":39},"end":{"line":91,"column":72}},"19":{"start":{"line":102,"column":39},"end":{"line":102,"column":68}}},"fnMap":{"0":{"name":"(anonymous_0)","decl":{"start":{"line":5,"column":14},"end":{"line":5,"column":15}},"loc":{"start":{"line":5,"column":30},"end":{"line":130,"column":1}},"line":5},"1":{"name":"(anonymous_1)","decl":{"start":{"line":11,"column":23},"end":{"line":11,"column":24}},"loc":{"start":{"line":11,"column":38},"end":{"line":36,"column":3}},"line":11},"2":{"name":"(anonymous_2)","decl":{"start":{"line":91,"column":34},"end":{"line":91,"column":35}},"loc":{"start":{"line":91,"column":39},"end":{"line":91,"column":72}},"line":91},"3":{"name":"(anonymous_3)","decl":{"start":{"line":102,"column":34},"end":{"line":102,"column":35}},"loc":{"start":{"line":102,"column":39},"end":{"line":102,"column":68}},"line":102}},"branchMap":{"0":{"loc":{"start":{"line":24,"column":6},"end":{"line":32,"column":7}},"type":"if","locations":[{"start":{"line":24,"column":6},"end":{"line":32,"column":7}},{"start":{"line":29,"column":13},"end":{"line":32,"column":7}}],"line":24}},"s":{"0":2,"1":2,"2":2,"3":2,"4":2,"5":1,"6":1,"7":1,"8":1,"9":1,"10":1,"11":1,"12":1,"13":1,"14":0,"15":0,"16":0,"17":2,"18":0,"19":0},"f":{"0":2,"1":1,"2":0,"3":0},"b":{"0":[1,0]},"_coverageSchema":"1a1c01bbd47fc00a2c39e90264f33305004495a9","hash":"1418ea18456785590bc015191073a4b60ab27f84"}
,"C:\\Users\\Diers\\OneDrive\\Escritorio\\Proyecto-Colegio-Bautista-Ebenezer-2\\fronted_cbe\\src\\pages\\Reportes.js": {"path":"C:\\Users\\Diers\\OneDrive\\Escritorio\\Proyecto-Colegio-Bautista-Ebenezer-2\\fronted_cbe\\src\\pages\\Reportes.js","statementMap":{"0":{"start":{"line":9,"column":21},"end":{"line":409,"column":1}},"1":{"start":{"line":10,"column":74},"end":{"line":10,"column":86}},"2":{"start":{"line":11,"column":82},"end":{"line":11,"column":94}},"3":{"start":{"line":12,"column":72},"end":{"line":12,"column":84}},"4":{"start":{"line":13,"column":76},"end":{"line":13,"column":88}},"5":{"start":{"line":14,"column":72},"end":{"line":14,"column":84}},"6":{"start":{"line":15,"column":72},"end":{"line":15,"column":84}},"7":{"start":{"line":16,"column":80},"end":{"line":16,"column":92}},"8":{"start":{"line":17,"column":40},"end":{"line":17,"column":52}},"9":{"start":{"line":18,"column":48},"end":{"line":18,"column":60}},"10":{"start":{"line":19,"column":26},"end":{"line":19,"column":40}},"11":{"start":{"line":20,"column":28},"end":{"line":20,"column":39}},"12":{"start":{"line":22,"column":20},"end":{"line":32,"column":3}},"13":{"start":{"line":35,"column":44},"end":{"line":40,"column":3}},"14":{"start":{"line":36,"column":4},"end":{"line":39,"column":102}},"15":{"start":{"line":37,"column":26},"end":{"line":37,"column":41}},"16":{"start":{"line":38,"column":22},"end":{"line":38,"column":59}},"17":{"start":{"line":39,"column":24},"end":{"line":39,"column":100}},"18":{"start":{"line":42,"column":48},"end":{"line":47,"column":3}},"19":{"start":{"line":43,"column":4},"end":{"line":46,"column":106}},"20":{"start":{"line":44,"column":26},"end":{"line":44,"column":41}},"21":{"start":{"line":45,"column":22},"end":{"line":45,"column":63}},"22":{"start":{"line":46,"column":24},"end":{"line":46,"column":104}},"23":{"start":{"line":49,"column":43},"end":{"line":54,"column":3}},"24":{"start":{"line":50,"column":4},"end":{"line":53,"column":101}},"25":{"start":{"line":51,"column":26},"end":{"line":51,"column":41}},"26":{"start":{"line":52,"column":22},"end":{"line":52,"column":58}},"27":{"start":{"line":53,"column":24},"end":{"line":53,"column":99}},"28":{"start":{"line":56,"column":45},"end":{"line":61,"column":3}},"29":{"start":{"line":57,"column":4},"end":{"line":60,"column":103}},"30":{"start":{"line":58,"column":26},"end":{"line":58,"column":41}},"31":{"start":{"line":59,"column":22},"end":{"line":59,"column":60}},"32":{"start":{"line":60,"column":24},"end":{"line":60,"column":101}},"33":{"start":{"line":63,"column":43},"end":{"line":68,"column":3}},"34":{"start":{"line":64,"column":4},"end":{"line":67,"column":101}},"35":{"start":{"line":65,"column":26},"end":{"line":65,"column":41}},"36":{"start":{"line":66,"column":22},"end":{"line":66,"column":58}},"37":{"start":{"line":67,"column":24},"end":{"line":67,"column":99}},"38":{"start":{"line":70,"column":43},"end":{"line":75,"column":3}},"39":{"start":{"line":71,"column":4},"end":{"line":74,"column":101}},"40":{"start":{"line":72,"column":26},"end":{"line":72,"column":41}},"41":{"start":{"line":73,"column":22},"end":{"line":73,"column":58}},"42":{"start":{"line":74,"column":24},"end":{"line":74,"column":99}},"43":{"start":{"line":77,"column":47},"end":{"line":82,"column":3}},"44":{"start":{"line":78,"column":4},"end":{"line":81,"column":105}},"45":{"start":{"line":79,"column":26},"end":{"line":79,"column":41}},"46":{"start":{"line":80,"column":22},"end":{"line":80,"column":62}},"47":{"start":{"line":81,"column":24},"end":{"line":81,"column":103}},"48":{"start":{"line":84,"column":27},"end":{"line":89,"column":3}},"49":{"start":{"line":85,"column":4},"end":{"line":88,"column":85}},"50":{"start":{"line":86,"column":26},"end":{"line":86,"column":41}},"51":{"start":{"line":87,"column":22},"end":{"line":87,"column":42}},"52":{"start":{"line":88,"column":24},"end":{"line":88,"column":83}},"53":{"start":{"line":91,"column":31},"end":{"line":96,"column":3}},"54":{"start":{"line":92,"column":4},"end":{"line":95,"column":89}},"55":{"start":{"line":93,"column":26},"end":{"line":93,"column":41}},"56":{"start":{"line":94,"column":22},"end":{"line":94,"column":46}},"57":{"start":{"line":95,"column":24},"end":{"line":95,"column":87}},"58":{"start":{"line":99,"column":2},"end":{"line":109,"column":20}},"59":{"start":{"line":100,"column":4},"end":{"line":100,"column":40}},"60":{"start":{"line":101,"column":4},"end":{"line":101,"column":44}},"61":{"start":{"line":102,"column":4},"end":{"line":102,"column":39}},"62":{"start":{"line":103,"column":4},"end":{"line":103,"column":41}},"63":{"start":{"line":104,"column":4},"end":{"line":104,"column":39}},"64":{"start":{"line":105,"column":4},"end":{"line":105,"column":43}},"65":{"start":{"line":106,"column":4},"end":{"line":106,"column":54}},"66":{"start":{"line":107,"column":4},"end":{"line":107,"column":23}},"67":{"start":{"line":108,"column":4},"end":{"line":108,"column":27}},"68":{"start":{"line":112,"column":2},"end":{"line":247,"column":263}},"69":{"start":{"line":113,"column":27},"end":{"line":151,"column":5}},"70":{"start":{"line":114,"column":6},"end":{"line":150,"column":7}},"71":{"start":{"line":115,"column":23},"end":{"line":115,"column":51}},"72":{"start":{"line":116,"column":25},"end":{"line":148,"column":10}},"73":{"start":{"line":137,"column":20},"end":{"line":137,"column":70}},"74":{"start":{"line":149,"column":8},"end":{"line":149,"column":24}},"75":{"start":{"line":153,"column":28},"end":{"line":191,"column":5}},"76":{"start":{"line":154,"column":6},"end":{"line":190,"column":7}},"77":{"start":{"line":155,"column":24},"end":{"line":155,"column":52}},"78":{"start":{"line":156,"column":26},"end":{"line":188,"column":10}},"79":{"start":{"line":177,"column":20},"end":{"line":177,"column":70}},"80":{"start":{"line":189,"column":8},"end":{"line":189,"column":25}},"81":{"start":{"line":193,"column":29},"end":{"line":231,"column":5}},"82":{"start":{"line":194,"column":6},"end":{"line":230,"column":7}},"83":{"start":{"line":195,"column":25},"end":{"line":195,"column":53}},"84":{"start":{"line":196,"column":27},"end":{"line":228,"column":10}},"85":{"start":{"line":217,"column":20},"end":{"line":217,"column":70}},"86":{"start":{"line":229,"column":8},"end":{"line":229,"column":26}},"87":{"start":{"line":233,"column":25},"end":{"line":243,"column":5}},"88":{"start":{"line":234,"column":94},"end":{"line":234,"column":133}},"89":{"start":{"line":234,"column":197},"end":{"line":234,"column":225}},"90":{"start":{"line":235,"column":106},"end":{"line":235,"column":134}},"91":{"start":{"line":235,"column":206},"end":{"line":235,"column":238}},"92":{"start":{"line":236,"column":91},"end":{"line":236,"column":109}},"93":{"start":{"line":236,"column":171},"end":{"line":236,"column":198}},"94":{"start":{"line":237,"column":97},"end":{"line":237,"column":138}},"95":{"start":{"line":237,"column":204},"end":{"line":237,"column":233}},"96":{"start":{"line":238,"column":91},"end":{"line":238,"column":131}},"97":{"start":{"line":238,"column":193},"end":{"line":238,"column":220}},"98":{"start":{"line":239,"column":100},"end":{"line":239,"column":139}},"99":{"start":{"line":239,"column":202},"end":{"line":239,"column":227}},"100":{"start":{"line":240,"column":112},"end":{"line":240,"column":140}},"101":{"start":{"line":240,"column":211},"end":{"line":240,"column":240}},"102":{"start":{"line":241,"column":70},"end":{"line":241,"column":109}},"103":{"start":{"line":241,"column":144},"end":{"line":241,"column":172}},"104":{"start":{"line":242,"column":82},"end":{"line":242,"column":110}},"105":{"start":{"line":242,"column":153},"end":{"line":242,"column":185}},"106":{"start":{"line":245,"column":27},"end":{"line":245,"column":113}},"107":{"start":{"line":245,"column":54},"end":{"line":245,"column":112}},"108":{"start":{"line":246,"column":4},"end":{"line":246,"column":75}},"109":{"start":{"line":246,"column":17},"end":{"line":246,"column":74}},"110":{"start":{"line":246,"column":49},"end":{"line":246,"column":73}},"111":{"start":{"line":249,"column":25},"end":{"line":267,"column":3}},"112":{"start":{"line":250,"column":4},"end":{"line":266,"column":5}},"113":{"start":{"line":251,"column":21},"end":{"line":251,"column":70}},"114":{"start":{"line":252,"column":22},"end":{"line":252,"column":51}},"115":{"start":{"line":253,"column":18},"end":{"line":253,"column":29}},"116":{"start":{"line":254,"column":6},"end":{"line":254,"column":31}},"117":{"start":{"line":255,"column":6},"end":{"line":255,"column":53}},"118":{"start":{"line":256,"column":14},"end":{"line":256,"column":17}},"119":{"start":{"line":257,"column":6},"end":{"line":264,"column":9}},"120":{"start":{"line":258,"column":8},"end":{"line":258,"column":189}},"121":{"start":{"line":259,"column":8},"end":{"line":259,"column":16}},"122":{"start":{"line":260,"column":8},"end":{"line":263,"column":9}},"123":{"start":{"line":261,"column":10},"end":{"line":261,"column":24}},"124":{"start":{"line":262,"column":10},"end":{"line":262,"column":17}},"125":{"start":{"line":265,"column":6},"end":{"line":265,"column":34}},"126":{"start":{"line":269,"column":2},"end":{"line":406,"column":4}},"127":{"start":{"line":280,"column":59},"end":{"line":280,"column":192}},"128":{"start":{"line":293,"column":59},"end":{"line":293,"column":208}},"129":{"start":{"line":306,"column":59},"end":{"line":306,"column":188}},"130":{"start":{"line":319,"column":59},"end":{"line":319,"column":196}},"131":{"start":{"line":332,"column":59},"end":{"line":332,"column":188}},"132":{"start":{"line":345,"column":76},"end":{"line":345,"column":99}},"133":{"start":{"line":349,"column":59},"end":{"line":349,"column":224}},"134":{"start":{"line":362,"column":76},"end":{"line":362,"column":99}},"135":{"start":{"line":366,"column":77},"end":{"line":366,"column":101}},"136":{"start":{"line":370,"column":59},"end":{"line":370,"column":258}},"137":{"start":{"line":383,"column":59},"end":{"line":383,"column":150}},"138":{"start":{"line":396,"column":59},"end":{"line":396,"column":166}}},"fnMap":{"0":{"name":"(anonymous_0)","decl":{"start":{"line":9,"column":21},"end":{"line":9,"column":22}},"loc":{"start":{"line":9,"column":34},"end":{"line":409,"column":1}},"line":9},"1":{"name":"(anonymous_1)","decl":{"start":{"line":35,"column":44},"end":{"line":35,"column":45}},"loc":{"start":{"line":35,"column":50},"end":{"line":40,"column":3}},"line":35},"2":{"name":"(anonymous_2)","decl":{"start":{"line":37,"column":12},"end":{"line":37,"column":13}},"loc":{"start":{"line":37,"column":26},"end":{"line":37,"column":41}},"line":37},"3":{"name":"(anonymous_3)","decl":{"start":{"line":38,"column":12},"end":{"line":38,"column":13}},"loc":{"start":{"line":38,"column":22},"end":{"line":38,"column":59}},"line":38},"4":{"name":"(anonymous_4)","decl":{"start":{"line":39,"column":13},"end":{"line":39,"column":14}},"loc":{"start":{"line":39,"column":24},"end":{"line":39,"column":100}},"line":39},"5":{"name":"(anonymous_5)","decl":{"start":{"line":42,"column":48},"end":{"line":42,"column":49}},"loc":{"start":{"line":42,"column":54},"end":{"line":47,"column":3}},"line":42},"6":{"name":"(anonymous_6)","decl":{"start":{"line":44,"column":12},"end":{"line":44,"column":13}},"loc":{"start":{"line":44,"column":26},"end":{"line":44,"column":41}},"line":44},"7":{"name":"(anonymous_7)","decl":{"start":{"line":45,"column":12},"end":{"line":45,"column":13}},"loc":{"start":{"line":45,"column":22},"end":{"line":45,"column":63}},"line":45},"8":{"name":"(anonymous_8)","decl":{"start":{"line":46,"column":13},"end":{"line":46,"column":14}},"loc":{"start":{"line":46,"column":24},"end":{"line":46,"column":104}},"line":46},"9":{"name":"(anonymous_9)","decl":{"start":{"line":49,"column":43},"end":{"line":49,"column":44}},"loc":{"start":{"line":49,"column":49},"end":{"line":54,"column":3}},"line":49},"10":{"name":"(anonymous_10)","decl":{"start":{"line":51,"column":12},"end":{"line":51,"column":13}},"loc":{"start":{"line":51,"column":26},"end":{"line":51,"column":41}},"line":51},"11":{"name":"(anonymous_11)","decl":{"start":{"line":52,"column":12},"end":{"line":52,"column":13}},"loc":{"start":{"line":52,"column":22},"end":{"line":52,"column":58}},"line":52},"12":{"name":"(anonymous_12)","decl":{"start":{"line":53,"column":13},"end":{"line":53,"column":14}},"loc":{"start":{"line":53,"column":24},"end":{"line":53,"column":99}},"line":53},"13":{"name":"(anonymous_13)","decl":{"start":{"line":56,"column":45},"end":{"line":56,"column":46}},"loc":{"start":{"line":56,"column":51},"end":{"line":61,"column":3}},"line":56},"14":{"name":"(anonymous_14)","decl":{"start":{"line":58,"column":12},"end":{"line":58,"column":13}},"loc":{"start":{"line":58,"column":26},"end":{"line":58,"column":41}},"line":58},"15":{"name":"(anonymous_15)","decl":{"start":{"line":59,"column":12},"end":{"line":59,"column":13}},"loc":{"start":{"line":59,"column":22},"end":{"line":59,"column":60}},"line":59},"16":{"name":"(anonymous_16)","decl":{"start":{"line":60,"column":13},"end":{"line":60,"column":14}},"loc":{"start":{"line":60,"column":24},"end":{"line":60,"column":101}},"line":60},"17":{"name":"(anonymous_17)","decl":{"start":{"line":63,"column":43},"end":{"line":63,"column":44}},"loc":{"start":{"line":63,"column":49},"end":{"line":68,"column":3}},"line":63},"18":{"name":"(anonymous_18)","decl":{"start":{"line":65,"column":12},"end":{"line":65,"column":13}},"loc":{"start":{"line":65,"column":26},"end":{"line":65,"column":41}},"line":65},"19":{"name":"(anonymous_19)","decl":{"start":{"line":66,"column":12},"end":{"line":66,"column":13}},"loc":{"start":{"line":66,"column":22},"end":{"line":66,"column":58}},"line":66},"20":{"name":"(anonymous_20)","decl":{"start":{"line":67,"column":13},"end":{"line":67,"column":14}},"loc":{"start":{"line":67,"column":24},"end":{"line":67,"column":99}},"line":67},"21":{"name":"(anonymous_21)","decl":{"start":{"line":70,"column":43},"end":{"line":70,"column":44}},"loc":{"start":{"line":70,"column":53},"end":{"line":75,"column":3}},"line":70},"22":{"name":"(anonymous_22)","decl":{"start":{"line":72,"column":12},"end":{"line":72,"column":13}},"loc":{"start":{"line":72,"column":26},"end":{"line":72,"column":41}},"line":72},"23":{"name":"(anonymous_23)","decl":{"start":{"line":73,"column":12},"end":{"line":73,"column":13}},"loc":{"start":{"line":73,"column":22},"end":{"line":73,"column":58}},"line":73},"24":{"name":"(anonymous_24)","decl":{"start":{"line":74,"column":13},"end":{"line":74,"column":14}},"loc":{"start":{"line":74,"column":24},"end":{"line":74,"column":99}},"line":74},"25":{"name":"(anonymous_25)","decl":{"start":{"line":77,"column":47},"end":{"line":77,"column":48}},"loc":{"start":{"line":77,"column":64},"end":{"line":82,"column":3}},"line":77},"26":{"name":"(anonymous_26)","decl":{"start":{"line":79,"column":12},"end":{"line":79,"column":13}},"loc":{"start":{"line":79,"column":26},"end":{"line":79,"column":41}},"line":79},"27":{"name":"(anonymous_27)","decl":{"start":{"line":80,"column":12},"end":{"line":80,"column":13}},"loc":{"start":{"line":80,"column":22},"end":{"line":80,"column":62}},"line":80},"28":{"name":"(anonymous_28)","decl":{"start":{"line":81,"column":13},"end":{"line":81,"column":14}},"loc":{"start":{"line":81,"column":24},"end":{"line":81,"column":103}},"line":81},"29":{"name":"(anonymous_29)","decl":{"start":{"line":84,"column":27},"end":{"line":84,"column":28}},"loc":{"start":{"line":84,"column":33},"end":{"line":89,"column":3}},"line":84},"30":{"name":"(anonymous_30)","decl":{"start":{"line":86,"column":12},"end":{"line":86,"column":13}},"loc":{"start":{"line":86,"column":26},"end":{"line":86,"column":41}},"line":86},"31":{"name":"(anonymous_31)","decl":{"start":{"line":87,"column":12},"end":{"line":87,"column":13}},"loc":{"start":{"line":87,"column":22},"end":{"line":87,"column":42}},"line":87},"32":{"name":"(anonymous_32)","decl":{"start":{"line":88,"column":13},"end":{"line":88,"column":14}},"loc":{"start":{"line":88,"column":24},"end":{"line":88,"column":83}},"line":88},"33":{"name":"(anonymous_33)","decl":{"start":{"line":91,"column":31},"end":{"line":91,"column":32}},"loc":{"start":{"line":91,"column":37},"end":{"line":96,"column":3}},"line":91},"34":{"name":"(anonymous_34)","decl":{"start":{"line":93,"column":12},"end":{"line":93,"column":13}},"loc":{"start":{"line":93,"column":26},"end":{"line":93,"column":41}},"line":93},"35":{"name":"(anonymous_35)","decl":{"start":{"line":94,"column":12},"end":{"line":94,"column":13}},"loc":{"start":{"line":94,"column":22},"end":{"line":94,"column":46}},"line":94},"36":{"name":"(anonymous_36)","decl":{"start":{"line":95,"column":13},"end":{"line":95,"column":14}},"loc":{"start":{"line":95,"column":24},"end":{"line":95,"column":87}},"line":95},"37":{"name":"(anonymous_37)","decl":{"start":{"line":99,"column":12},"end":{"line":99,"column":13}},"loc":{"start":{"line":99,"column":18},"end":{"line":109,"column":3}},"line":99},"38":{"name":"(anonymous_38)","decl":{"start":{"line":112,"column":12},"end":{"line":112,"column":13}},"loc":{"start":{"line":112,"column":18},"end":{"line":247,"column":3}},"line":112},"39":{"name":"(anonymous_39)","decl":{"start":{"line":113,"column":27},"end":{"line":113,"column":28}},"loc":{"start":{"line":113,"column":50},"end":{"line":151,"column":5}},"line":113},"40":{"name":"(anonymous_40)","decl":{"start":{"line":136,"column":25},"end":{"line":136,"column":26}},"loc":{"start":{"line":136,"column":48},"end":{"line":138,"column":19}},"line":136},"41":{"name":"(anonymous_41)","decl":{"start":{"line":153,"column":28},"end":{"line":153,"column":29}},"loc":{"start":{"line":153,"column":51},"end":{"line":191,"column":5}},"line":153},"42":{"name":"(anonymous_42)","decl":{"start":{"line":176,"column":25},"end":{"line":176,"column":26}},"loc":{"start":{"line":176,"column":48},"end":{"line":178,"column":19}},"line":176},"43":{"name":"(anonymous_43)","decl":{"start":{"line":193,"column":29},"end":{"line":193,"column":30}},"loc":{"start":{"line":193,"column":52},"end":{"line":231,"column":5}},"line":193},"44":{"name":"(anonymous_44)","decl":{"start":{"line":216,"column":25},"end":{"line":216,"column":26}},"loc":{"start":{"line":216,"column":48},"end":{"line":218,"column":19}},"line":216},"45":{"name":"(anonymous_45)","decl":{"start":{"line":234,"column":84},"end":{"line":234,"column":85}},"loc":{"start":{"line":234,"column":94},"end":{"line":234,"column":133}},"line":234},"46":{"name":"(anonymous_46)","decl":{"start":{"line":234,"column":187},"end":{"line":234,"column":188}},"loc":{"start":{"line":234,"column":197},"end":{"line":234,"column":225}},"line":234},"47":{"name":"(anonymous_47)","decl":{"start":{"line":235,"column":92},"end":{"line":235,"column":93}},"loc":{"start":{"line":235,"column":106},"end":{"line":235,"column":134}},"line":235},"48":{"name":"(anonymous_48)","decl":{"start":{"line":235,"column":192},"end":{"line":235,"column":193}},"loc":{"start":{"line":235,"column":206},"end":{"line":235,"column":238}},"line":235},"49":{"name":"(anonymous_49)","decl":{"start":{"line":236,"column":82},"end":{"line":236,"column":83}},"loc":{"start":{"line":236,"column":91},"end":{"line":236,"column":109}},"line":236},"50":{"name":"(anonymous_50)","decl":{"start":{"line":236,"column":162},"end":{"line":236,"column":163}},"loc":{"start":{"line":236,"column":171},"end":{"line":236,"column":198}},"line":236},"51":{"name":"(anonymous_51)","decl":{"start":{"line":237,"column":86},"end":{"line":237,"column":87}},"loc":{"start":{"line":237,"column":97},"end":{"line":237,"column":138}},"line":237},"52":{"name":"(anonymous_52)","decl":{"start":{"line":237,"column":193},"end":{"line":237,"column":194}},"loc":{"start":{"line":237,"column":204},"end":{"line":237,"column":233}},"line":237},"53":{"name":"(anonymous_53)","decl":{"start":{"line":238,"column":82},"end":{"line":238,"column":83}},"loc":{"start":{"line":238,"column":91},"end":{"line":238,"column":131}},"line":238},"54":{"name":"(anonymous_54)","decl":{"start":{"line":238,"column":184},"end":{"line":238,"column":185}},"loc":{"start":{"line":238,"column":193},"end":{"line":238,"column":220}},"line":238},"55":{"name":"(anonymous_55)","decl":{"start":{"line":239,"column":90},"end":{"line":239,"column":91}},"loc":{"start":{"line":239,"column":100},"end":{"line":239,"column":139}},"line":239},"56":{"name":"(anonymous_56)","decl":{"start":{"line":239,"column":192},"end":{"line":239,"column":193}},"loc":{"start":{"line":239,"column":202},"end":{"line":239,"column":227}},"line":239},"57":{"name":"(anonymous_57)","decl":{"start":{"line":240,"column":98},"end":{"line":240,"column":99}},"loc":{"start":{"line":240,"column":112},"end":{"line":240,"column":140}},"line":240},"58":{"name":"(anonymous_58)","decl":{"start":{"line":240,"column":197},"end":{"line":240,"column":198}},"loc":{"start":{"line":240,"column":211},"end":{"line":240,"column":240}},"line":240},"59":{"name":"(anonymous_59)","decl":{"start":{"line":241,"column":60},"end":{"line":241,"column":61}},"loc":{"start":{"line":241,"column":70},"end":{"line":241,"column":109}},"line":241},"60":{"name":"(anonymous_60)","decl":{"start":{"line":241,"column":134},"end":{"line":241,"column":135}},"loc":{"start":{"line":241,"column":144},"end":{"line":241,"column":172}},"line":241},"61":{"name":"(anonymous_61)","decl":{"start":{"line":242,"column":68},"end":{"line":242,"column":69}},"loc":{"start":{"line":242,"column":82},"end":{"line":242,"column":110}},"line":242},"62":{"name":"(anonymous_62)","decl":{"start":{"line":242,"column":139},"end":{"line":242,"column":140}},"loc":{"start":{"line":242,"column":153},"end":{"line":242,"column":185}},"line":242},"63":{"name":"(anonymous_63)","decl":{"start":{"line":245,"column":44},"end":{"line":245,"column":45}},"loc":{"start":{"line":245,"column":54},"end":{"line":245,"column":112}},"line":245},"64":{"name":"(anonymous_64)","decl":{"start":{"line":246,"column":11},"end":{"line":246,"column":12}},"loc":{"start":{"line":246,"column":17},"end":{"line":246,"column":74}},"line":246},"65":{"name":"(anonymous_65)","decl":{"start":{"line":246,"column":40},"end":{"line":246,"column":41}},"loc":{"start":{"line":246,"column":49},"end":{"line":246,"column":73}},"line":246},"66":{"name":"(anonymous_66)","decl":{"start":{"line":249,"column":25},"end":{"line":249,"column":26}},"loc":{"start":{"line":249,"column":70},"end":{"line":267,"column":3}},"line":249},"67":{"name":"(anonymous_67)","decl":{"start":{"line":257,"column":20},"end":{"line":257,"column":21}},"loc":{"start":{"line":257,"column":28},"end":{"line":264,"column":7}},"line":257},"68":{"name":"(anonymous_68)","decl":{"start":{"line":280,"column":53},"end":{"line":280,"column":54}},"loc":{"start":{"line":280,"column":59},"end":{"line":280,"column":192}},"line":280},"69":{"name":"(anonymous_69)","decl":{"start":{"line":293,"column":53},"end":{"line":293,"column":54}},"loc":{"start":{"line":293,"column":59},"end":{"line":293,"column":208}},"line":293},"70":{"name":"(anonymous_70)","decl":{"start":{"line":306,"column":53},"end":{"line":306,"column":54}},"loc":{"start":{"line":306,"column":59},"end":{"line":306,"column":188}},"line":306},"71":{"name":"(anonymous_71)","decl":{"start":{"line":319,"column":53},"end":{"line":319,"column":54}},"loc":{"start":{"line":319,"column":59},"end":{"line":319,"column":196}},"line":319},"72":{"name":"(anonymous_72)","decl":{"start":{"line":332,"column":53},"end":{"line":332,"column":54}},"loc":{"start":{"line":332,"column":59},"end":{"line":332,"column":188}},"line":332},"73":{"name":"(anonymous_73)","decl":{"start":{"line":345,"column":69},"end":{"line":345,"column":70}},"loc":{"start":{"line":345,"column":76},"end":{"line":345,"column":99}},"line":345},"74":{"name":"(anonymous_74)","decl":{"start":{"line":349,"column":53},"end":{"line":349,"column":54}},"loc":{"start":{"line":349,"column":59},"end":{"line":349,"column":224}},"line":349},"75":{"name":"(anonymous_75)","decl":{"start":{"line":362,"column":69},"end":{"line":362,"column":70}},"loc":{"start":{"line":362,"column":76},"end":{"line":362,"column":99}},"line":362},"76":{"name":"(anonymous_76)","decl":{"start":{"line":366,"column":70},"end":{"line":366,"column":71}},"loc":{"start":{"line":366,"column":77},"end":{"line":366,"column":101}},"line":366},"77":{"name":"(anonymous_77)","decl":{"start":{"line":370,"column":53},"end":{"line":370,"column":54}},"loc":{"start":{"line":370,"column":59},"end":{"line":370,"column":258}},"line":370},"78":{"name":"(anonymous_78)","decl":{"start":{"line":383,"column":53},"end":{"line":383,"column":54}},"loc":{"start":{"line":383,"column":59},"end":{"line":383,"column":150}},"line":383},"79":{"name":"(anonymous_79)","decl":{"start":{"line":396,"column":53},"end":{"line":396,"column":54}},"loc":{"start":{"line":396,"column":59},"end":{"line":396,"column":166}},"line":396}},"branchMap":{"0":{"loc":{"start":{"line":114,"column":6},"end":{"line":150,"column":7}},"type":"if","locations":[{"start":{"line":114,"column":6},"end":{"line":150,"column":7}},{"start":{},"end":{}}],"line":114},"1":{"loc":{"start":{"line":154,"column":6},"end":{"line":190,"column":7}},"type":"if","locations":[{"start":{"line":154,"column":6},"end":{"line":190,"column":7}},{"start":{},"end":{}}],"line":154},"2":{"loc":{"start":{"line":194,"column":6},"end":{"line":230,"column":7}},"type":"if","locations":[{"start":{"line":194,"column":6},"end":{"line":230,"column":7}},{"start":{},"end":{}}],"line":194},"3":{"loc":{"start":{"line":246,"column":49},"end":{"line":246,"column":73}},"type":"binary-expr","locations":[{"start":{"line":246,"column":49},"end":{"line":246,"column":54}},{"start":{"line":246,"column":58},"end":{"line":246,"column":73}}],"line":246},"4":{"loc":{"start":{"line":250,"column":4},"end":{"line":266,"column":5}},"type":"if","locations":[{"start":{"line":250,"column":4},"end":{"line":266,"column":5}},{"start":{},"end":{}}],"line":250},"5":{"loc":{"start":{"line":258,"column":20},"end":{"line":258,"column":120}},"type":"binary-expr","locations":[{"start":{"line":258,"column":20},"end":{"line":258,"column":32}},{"start":{"line":258,"column":36},"end":{"line":258,"column":58}},{"start":{"line":258,"column":62},"end":{"line":258,"column":79}},{"start":{"line":258,"column":83},"end":{"line":258,"column":120}}],"line":258},"6":{"loc":{"start":{"line":258,"column":125},"end":{"line":258,"column":178}},"type":"binary-expr","locations":[{"start":{"line":258,"column":125},"end":{"line":258,"column":151}},{"start":{"line":258,"column":155},"end":{"line":258,"column":178}}],"line":258},"7":{"loc":{"start":{"line":260,"column":8},"end":{"line":263,"column":9}},"type":"if","locations":[{"start":{"line":260,"column":8},"end":{"line":263,"column":9}},{"start":{},"end":{}}],"line":260}},"s":{"0":1,"1":0,"2":0,"3":0,"4":0,"5":0,"6":0,"7":0,"8":0,"9":0,"10":0,"11":0,"12":0,"13":0,"14":0,"15":0,"16":0,"17":0,"18":0,"19":0,"20":0,"21":0,"22":0,"23":0,"24":0,"25":0,"26":0,"27":0,"28":0,"29":0,"30":0,"31":0,"32":0,"33":0,"34":0,"35":0,"36":0,"37":0,"38":0,"39":0,"40":0,"41":0,"42":0,"43":0,"44":0,"45":0,"46":0,"47":0,"48":0,"49":0,"50":0,"51":0,"52":0,"53":0,"54":0,"55":0,"56":0,"57":0,"58":0,"59":0,"60":0,"61":0,"62":0,"63":0,"64":0,"65":0,"66":0,"67":0,"68":0,"69":0,"70":0,"71":0,"72":0,"73":0,"74":0,"75":0,"76":0,"77":0,"78":0,"79":0,"80":0,"81":0,"82":0,"83":0,"84":0,"85":0,"86":0,"87":0,"88":0,"89":0,"90":0,"91":0,"92":0,"93":0,"94":0,"95":0,"96":0,"97":0,"98":0,"99":0,"100":0,"101":0,"102":0,"103":0,"104":0,"105":0,"106":0,"107":0,"108":0,"109":0,"110":0,"111":0,"112":0,"113":0,"114":0,"115":0,"116":0,"117":0,"118":0,"119":0,"120":0,"121":0,"122":0,"123":0,"124":0,"125":0,"126":0,"127":0,"128":0,"129":0,"130":0,"131":0,"132":0,"133":0,"134":0,"135":0,"136":0,"137":0,"138":0},"f":{"0":0,"1":0,"2":0,"3":0,"4":0,"5":0,"6":0,"7":0,"8":0,"9":0,"10":0,"11":0,"12":0,"13":0,"14":0,"15":0,"16":0,"17":0,"18":0,"19":0,"20":0,"21":0,"22":0,"23":0,"24":0,"25":0,"26":0,"27":0,"28":0,"29":0,"30":0,"31":0,"32":0,"33":0,"34":0,"35":0,"36":0,"37":0,"38":0,"39":0,"40":0,"41":0,"42":0,"43":0,"44":0,"45":0,"46":0,"47":0,"48":0,"49":0,"50":0,"51":0,"52":0,"53":0,"54":0,"55":0,"56":0,"57":0,"58":0,"59":0,"60":0,"61":0,"62":0,"63":0,"64":0,"65":0,"66":0,"67":0,"68":0,"69":0,"70":0,"71":0,"72":0,"73":0,"74":0,"75":0,"76":0,"77":0,"78":0,"79":0},"b":{"0":[0,0],"1":[0,0],"2":[0,0],"3":[0,0],"4":[0,0],"5":[0,0,0,0],"6":[0,0],"7":[0,0]},"_coverageSchema":"1a1c01bbd47fc00a2c39e90264f33305004495a9","hash":"570271f550920bd9a13c88bf1694357439097c64"}
}
