{"C:\\Users\\Diers\\OneDrive\\Escritorio\\Proyecto-Colegio-Bautista-Ebenezer-2\\fronted_cbe\\src\\App.js": {"path":"C:\\Users\\Diers\\OneDrive\\Escritorio\\Proyecto-Colegio-Bautista-Ebenezer-2\\fronted_cbe\\src\\App.js","statementMap":{"0":{"start":{"line":27,"column":32},"end":{"line":27,"column":44}},"1":{"start":{"line":29,"column":2},"end":{"line":56,"column":4}}},"fnMap":{"0":{"name":"App","decl":{"start":{"line":26,"column":9},"end":{"line":26,"column":12}},"loc":{"start":{"line":26,"column":15},"end":{"line":57,"column":1}},"line":26}},"branchMap":{},"s":{"0":0,"1":0},"f":{"0":0},"b":{}}
,"C:\\Users\\Diers\\OneDrive\\Escritorio\\Proyecto-Colegio-Bautista-Ebenezer-2\\fronted_cbe\\src\\index.js": {"path":"C:\\Users\\Diers\\OneDrive\\Escritorio\\Proyecto-Colegio-Bautista-Ebenezer-2\\fronted_cbe\\src\\index.js","statementMap":{"0":{"start":{"line":8,"column":13},"end":{"line":8,"column":65}},"1":{"start":{"line":9,"column":0},"end":{"line":13,"column":2}},"2":{"start":{"line":18,"column":0},"end":{"line":18,"column":18}}},"fnMap":{},"branchMap":{},"s":{"0":0,"1":0,"2":0},"f":{},"b":{}}
,"C:\\Users\\Diers\\OneDrive\\Escritorio\\Proyecto-Colegio-Bautista-Ebenezer-2\\fronted_cbe\\src\\reportWebVitals.js": {"path":"C:\\Users\\Diers\\OneDrive\\Escritorio\\Proyecto-Colegio-Bautista-Ebenezer-2\\fronted_cbe\\src\\reportWebVitals.js","statementMap":{"0":{"start":{"line":1,"column":24},"end":{"line":11,"column":1}},"1":{"start":{"line":2,"column":2},"end":{"line":10,"column":3}},"2":{"start":{"line":3,"column":4},"end":{"line":9,"column":7}},"3":{"start":{"line":4,"column":6},"end":{"line":4,"column":26}},"4":{"start":{"line":5,"column":6},"end":{"line":5,"column":26}},"5":{"start":{"line":6,"column":6},"end":{"line":6,"column":26}},"6":{"start":{"line":7,"column":6},"end":{"line":7,"column":26}},"7":{"start":{"line":8,"column":6},"end":{"line":8,"column":27}}},"fnMap":{"0":{"name":"(anonymous_0)","decl":{"start":{"line":1,"column":24},"end":{"line":1,"column":25}},"loc":{"start":{"line":1,"column":39},"end":{"line":11,"column":1}},"line":1},"1":{"name":"(anonymous_1)","decl":{"start":{"line":3,"column":30},"end":{"line":3,"column":31}},"loc":{"start":{"line":3,"column":79},"end":{"line":9,"column":5}},"line":3}},"branchMap":{"0":{"loc":{"start":{"line":2,"column":2},"end":{"line":10,"column":3}},"type":"if","locations":[{"start":{"line":2,"column":2},"end":{"line":10,"column":3}},{"start":{},"end":{}}],"line":2},"1":{"loc":{"start":{"line":2,"column":6},"end":{"line":2,"column":52}},"type":"binary-expr","locations":[{"start":{"line":2,"column":6},"end":{"line":2,"column":17}},{"start":{"line":2,"column":21},"end":{"line":2,"column":52}}],"line":2}},"s":{"0":0,"1":0,"2":0,"3":0,"4":0,"5":0,"6":0,"7":0},"f":{"0":0,"1":0},"b":{"0":[0,0],"1":[0,0]}}
,"C:\\Users\\Diers\\OneDrive\\Escritorio\\Proyecto-Colegio-Bautista-Ebenezer-2\\fronted_cbe\\src\\components\\Footer.js": {"path":"C:\\Users\\Diers\\OneDrive\\Escritorio\\Proyecto-Colegio-Bautista-Ebenezer-2\\fronted_cbe\\src\\components\\Footer.js","statementMap":{"0":{"start":{"line":6,"column":15},"end":{"line":30,"column":1}},"1":{"start":{"line":7,"column":2},"end":{"line":29,"column":4}}},"fnMap":{"0":{"name":"(anonymous_0)","decl":{"start":{"line":6,"column":15},"end":{"line":6,"column":16}},"loc":{"start":{"line":6,"column":21},"end":{"line":30,"column":1}},"line":6}},"branchMap":{},"s":{"0":0,"1":0},"f":{"0":0},"b":{}}
,"C:\\Users\\Diers\\OneDrive\\Escritorio\\Proyecto-Colegio-Bautista-Ebenezer-2\\fronted_cbe\\src\\components\\Header.js": {"path":"C:\\Users\\Diers\\OneDrive\\Escritorio\\Proyecto-Colegio-Bautista-Ebenezer-2\\fronted_cbe\\src\\components\\Header.js","statementMap":{"0":{"start":{"line":7,"column":34},"end":{"line":7,"column":49}},"1":{"start":{"line":8,"column":32},"end":{"line":8,"column":44}},"2":{"start":{"line":10,"column":2},"end":{"line":12,"column":9}},"3":{"start":{"line":11,"column":4},"end":{"line":11,"column":48}},"4":{"start":{"line":14,"column":21},"end":{"line":16,"column":3}},"5":{"start":{"line":15,"column":4},"end":{"line":15,"column":27}},"6":{"start":{"line":18,"column":2},"end":{"line":125,"column":4}}},"fnMap":{"0":{"name":"Header","decl":{"start":{"line":6,"column":9},"end":{"line":6,"column":15}},"loc":{"start":{"line":6,"column":18},"end":{"line":126,"column":1}},"line":6},"1":{"name":"(anonymous_1)","decl":{"start":{"line":10,"column":12},"end":{"line":10,"column":13}},"loc":{"start":{"line":10,"column":18},"end":{"line":12,"column":3}},"line":10},"2":{"name":"(anonymous_2)","decl":{"start":{"line":14,"column":21},"end":{"line":14,"column":22}},"loc":{"start":{"line":14,"column":27},"end":{"line":16,"column":3}},"line":14}},"branchMap":{"0":{"loc":{"start":{"line":27,"column":15},"end":{"line":56,"column":15}},"type":"binary-expr","locations":[{"start":{"line":27,"column":15},"end":{"line":27,"column":42}},{"start":{"line":28,"column":16},"end":{"line":55,"column":19}}],"line":27},"1":{"loc":{"start":{"line":57,"column":15},"end":{"line":63,"column":15}},"type":"binary-expr","locations":[{"start":{"line":57,"column":16},"end":{"line":57,"column":37}},{"start":{"line":57,"column":41},"end":{"line":57,"column":68}},{"start":{"line":58,"column":16},"end":{"line":61,"column":30}}],"line":57},"2":{"loc":{"start":{"line":71,"column":27},"end":{"line":71,"column":54}},"type":"cond-expr","locations":[{"start":{"line":71,"column":38},"end":{"line":71,"column":44}},{"start":{"line":71,"column":47},"end":{"line":71,"column":54}}],"line":71},"3":{"loc":{"start":{"line":84,"column":13},"end":{"line":113,"column":13}},"type":"binary-expr","locations":[{"start":{"line":84,"column":13},"end":{"line":84,"column":40}},{"start":{"line":85,"column":14},"end":{"line":112,"column":17}}],"line":84},"4":{"loc":{"start":{"line":114,"column":13},"end":{"line":120,"column":13}},"type":"binary-expr","locations":[{"start":{"line":114,"column":14},"end":{"line":114,"column":35}},{"start":{"line":114,"column":39},"end":{"line":114,"column":66}},{"start":{"line":115,"column":16},"end":{"line":118,"column":30}}],"line":114}},"s":{"0":0,"1":0,"2":0,"3":0,"4":0,"5":0,"6":0},"f":{"0":0,"1":0,"2":0},"b":{"0":[0,0],"1":[0,0,0],"2":[0,0],"3":[0,0],"4":[0,0,0]},"_coverageSchema":"1a1c01bbd47fc00a2c39e90264f33305004495a9","hash":"6ed6b439e6164777ad42320bf7e77c6807db31d9"}
,"C:\\Users\\Diers\\OneDrive\\Escritorio\\Proyecto-Colegio-Bautista-Ebenezer-2\\fronted_cbe\\src\\pages\\Alumno.js": {"path":"C:\\Users\\Diers\\OneDrive\\Escritorio\\Proyecto-Colegio-Bautista-Ebenezer-2\\fronted_cbe\\src\\pages\\Alumno.js","statementMap":{"0":{"start":{"line":18,"column":32},"end":{"line":18,"column":44}},"1":{"start":{"line":19,"column":36},"end":{"line":19,"column":48}},"2":{"start":{"line":20,"column":50},"end":{"line":20,"column":62}},"3":{"start":{"line":21,"column":36},"end":{"line":21,"column":48}},"4":{"start":{"line":22,"column":30},"end":{"line":22,"column":42}},"5":{"start":{"line":23,"column":34},"end":{"line":23,"column":46}},"6":{"start":{"line":24,"column":34},"end":{"line":24,"column":46}},"7":{"start":{"line":25,"column":40},"end":{"line":25,"column":52}},"8":{"start":{"line":27,"column":30},"end":{"line":27,"column":42}},"9":{"start":{"line":29,"column":23},"end":{"line":34,"column":3}},"10":{"start":{"line":30,"column":4},"end":{"line":33,"column":8}},"11":{"start":{"line":30,"column":31},"end":{"line":33,"column":5}},"12":{"start":{"line":36,"column":23},"end":{"line":128,"column":3}},"13":{"start":{"line":37,"column":4},"end":{"line":37,"column":23}},"14":{"start":{"line":38,"column":4},"end":{"line":38,"column":18}},"15":{"start":{"line":40,"column":4},"end":{"line":49,"column":5}},"16":{"start":{"line":41,"column":6},"end":{"line":41,"column":64}},"17":{"start":{"line":42,"column":6},"end":{"line":42,"column":13}},"18":{"start":{"line":43,"column":11},"end":{"line":49,"column":5}},"19":{"start":{"line":44,"column":6},"end":{"line":44,"column":80}},"20":{"start":{"line":45,"column":6},"end":{"line":45,"column":13}},"21":{"start":{"line":46,"column":11},"end":{"line":49,"column":5}},"22":{"start":{"line":47,"column":6},"end":{"line":47,"column":96}},"23":{"start":{"line":48,"column":6},"end":{"line":48,"column":13}},"24":{"start":{"line":51,"column":4},"end":{"line":60,"column":5}},"25":{"start":{"line":52,"column":6},"end":{"line":52,"column":68}},"26":{"start":{"line":53,"column":6},"end":{"line":53,"column":13}},"27":{"start":{"line":54,"column":11},"end":{"line":60,"column":5}},"28":{"start":{"line":55,"column":6},"end":{"line":55,"column":84}},"29":{"start":{"line":56,"column":6},"end":{"line":56,"column":13}},"30":{"start":{"line":57,"column":11},"end":{"line":60,"column":5}},"31":{"start":{"line":58,"column":6},"end":{"line":58,"column":100}},"32":{"start":{"line":59,"column":6},"end":{"line":59,"column":13}},"33":{"start":{"line":62,"column":4},"end":{"line":65,"column":5}},"34":{"start":{"line":63,"column":6},"end":{"line":63,"column":86}},"35":{"start":{"line":64,"column":6},"end":{"line":64,"column":13}},"36":{"start":{"line":67,"column":4},"end":{"line":70,"column":5}},"37":{"start":{"line":68,"column":6},"end":{"line":68,"column":69}},"38":{"start":{"line":69,"column":6},"end":{"line":69,"column":13}},"39":{"start":{"line":72,"column":4},"end":{"line":75,"column":5}},"40":{"start":{"line":73,"column":6},"end":{"line":73,"column":59}},"41":{"start":{"line":74,"column":6},"end":{"line":74,"column":13}},"42":{"start":{"line":77,"column":4},"end":{"line":83,"column":5}},"43":{"start":{"line":78,"column":6},"end":{"line":78,"column":67}},"44":{"start":{"line":79,"column":6},"end":{"line":79,"column":13}},"45":{"start":{"line":80,"column":11},"end":{"line":83,"column":5}},"46":{"start":{"line":81,"column":6},"end":{"line":81,"column":89}},"47":{"start":{"line":82,"column":6},"end":{"line":82,"column":13}},"48":{"start":{"line":85,"column":4},"end":{"line":88,"column":5}},"49":{"start":{"line":86,"column":6},"end":{"line":86,"column":60}},"50":{"start":{"line":87,"column":6},"end":{"line":87,"column":13}},"51":{"start":{"line":90,"column":21},"end":{"line":98,"column":5}},"52":{"start":{"line":100,"column":4},"end":{"line":100,"column":45}},"53":{"start":{"line":102,"column":4},"end":{"line":127,"column":5}},"54":{"start":{"line":103,"column":23},"end":{"line":109,"column":8}},"55":{"start":{"line":111,"column":6},"end":{"line":123,"column":7}},"56":{"start":{"line":112,"column":8},"end":{"line":112,"column":34}},"57":{"start":{"line":113,"column":8},"end":{"line":113,"column":23}},"58":{"start":{"line":114,"column":8},"end":{"line":114,"column":25}},"59":{"start":{"line":115,"column":8},"end":{"line":115,"column":32}},"60":{"start":{"line":116,"column":8},"end":{"line":116,"column":22}},"61":{"start":{"line":117,"column":8},"end":{"line":117,"column":25}},"62":{"start":{"line":118,"column":8},"end":{"line":118,"column":24}},"63":{"start":{"line":119,"column":8},"end":{"line":119,"column":24}},"64":{"start":{"line":120,"column":8},"end":{"line":120,"column":27}},"65":{"start":{"line":122,"column":8},"end":{"line":122,"column":46}},"66":{"start":{"line":125,"column":6},"end":{"line":125,"column":53}},"67":{"start":{"line":126,"column":6},"end":{"line":126,"column":49}},"68":{"start":{"line":130,"column":28},"end":{"line":134,"column":3}},"69":{"start":{"line":131,"column":4},"end":{"line":131,"column":25}},"70":{"start":{"line":132,"column":4},"end":{"line":132,"column":27}},"71":{"start":{"line":133,"column":4},"end":{"line":133,"column":33}},"72":{"start":{"line":136,"column":54},"end":{"line":136,"column":69}},"73":{"start":{"line":138,"column":2},"end":{"line":288,"column":4}},"74":{"start":{"line":153,"column":39},"end":{"line":153,"column":110}},"75":{"start":{"line":168,"column":39},"end":{"line":168,"column":112}},"76":{"start":{"line":183,"column":39},"end":{"line":183,"column":74}},"77":{"start":{"line":197,"column":39},"end":{"line":197,"column":64}},"78":{"start":{"line":216,"column":39},"end":{"line":216,"column":67}},"79":{"start":{"line":231,"column":39},"end":{"line":231,"column":145}},"80":{"start":{"line":253,"column":37},"end":{"line":253,"column":64}},"81":{"start":{"line":277,"column":22},"end":{"line":277,"column":50}}},"fnMap":{"0":{"name":"Alumno","decl":{"start":{"line":17,"column":9},"end":{"line":17,"column":15}},"loc":{"start":{"line":17,"column":18},"end":{"line":289,"column":1}},"line":17},"1":{"name":"(anonymous_1)","decl":{"start":{"line":29,"column":23},"end":{"line":29,"column":24}},"loc":{"start":{"line":29,"column":43},"end":{"line":34,"column":3}},"line":29},"2":{"name":"(anonymous_2)","decl":{"start":{"line":30,"column":14},"end":{"line":30,"column":15}},"loc":{"start":{"line":30,"column":31},"end":{"line":33,"column":5}},"line":30},"3":{"name":"(anonymous_3)","decl":{"start":{"line":36,"column":23},"end":{"line":36,"column":24}},"loc":{"start":{"line":36,"column":36},"end":{"line":128,"column":3}},"line":36},"4":{"name":"(anonymous_4)","decl":{"start":{"line":130,"column":28},"end":{"line":130,"column":29}},"loc":{"start":{"line":130,"column":49},"end":{"line":134,"column":3}},"line":130},"5":{"name":"(anonymous_5)","decl":{"start":{"line":153,"column":32},"end":{"line":153,"column":33}},"loc":{"start":{"line":153,"column":39},"end":{"line":153,"column":110}},"line":153},"6":{"name":"(anonymous_6)","decl":{"start":{"line":168,"column":32},"end":{"line":168,"column":33}},"loc":{"start":{"line":168,"column":39},"end":{"line":168,"column":112}},"line":168},"7":{"name":"(anonymous_7)","decl":{"start":{"line":183,"column":32},"end":{"line":183,"column":33}},"loc":{"start":{"line":183,"column":39},"end":{"line":183,"column":74}},"line":183},"8":{"name":"(anonymous_8)","decl":{"start":{"line":197,"column":32},"end":{"line":197,"column":33}},"loc":{"start":{"line":197,"column":39},"end":{"line":197,"column":64}},"line":197},"9":{"name":"(anonymous_9)","decl":{"start":{"line":216,"column":32},"end":{"line":216,"column":33}},"loc":{"start":{"line":216,"column":39},"end":{"line":216,"column":67}},"line":216},"10":{"name":"(anonymous_10)","decl":{"start":{"line":231,"column":32},"end":{"line":231,"column":33}},"loc":{"start":{"line":231,"column":39},"end":{"line":231,"column":145}},"line":231},"11":{"name":"(anonymous_11)","decl":{"start":{"line":253,"column":31},"end":{"line":253,"column":32}},"loc":{"start":{"line":253,"column":37},"end":{"line":253,"column":64}},"line":253},"12":{"name":"(anonymous_12)","decl":{"start":{"line":277,"column":16},"end":{"line":277,"column":17}},"loc":{"start":{"line":277,"column":22},"end":{"line":277,"column":50}},"line":277}},"branchMap":{"0":{"loc":{"start":{"line":40,"column":4},"end":{"line":49,"column":5}},"type":"if","locations":[{"start":{"line":40,"column":4},"end":{"line":49,"column":5}},{"start":{"line":43,"column":11},"end":{"line":49,"column":5}}],"line":40},"1":{"loc":{"start":{"line":43,"column":11},"end":{"line":49,"column":5}},"type":"if","locations":[{"start":{"line":43,"column":11},"end":{"line":49,"column":5}},{"start":{"line":46,"column":11},"end":{"line":49,"column":5}}],"line":43},"2":{"loc":{"start":{"line":46,"column":11},"end":{"line":49,"column":5}},"type":"if","locations":[{"start":{"line":46,"column":11},"end":{"line":49,"column":5}},{"start":{},"end":{}}],"line":46},"3":{"loc":{"start":{"line":51,"column":4},"end":{"line":60,"column":5}},"type":"if","locations":[{"start":{"line":51,"column":4},"end":{"line":60,"column":5}},{"start":{"line":54,"column":11},"end":{"line":60,"column":5}}],"line":51},"4":{"loc":{"start":{"line":54,"column":11},"end":{"line":60,"column":5}},"type":"if","locations":[{"start":{"line":54,"column":11},"end":{"line":60,"column":5}},{"start":{"line":57,"column":11},"end":{"line":60,"column":5}}],"line":54},"5":{"loc":{"start":{"line":57,"column":11},"end":{"line":60,"column":5}},"type":"if","locations":[{"start":{"line":57,"column":11},"end":{"line":60,"column":5}},{"start":{},"end":{}}],"line":57},"6":{"loc":{"start":{"line":62,"column":4},"end":{"line":65,"column":5}},"type":"if","locations":[{"start":{"line":62,"column":4},"end":{"line":65,"column":5}},{"start":{},"end":{}}],"line":62},"7":{"loc":{"start":{"line":67,"column":4},"end":{"line":70,"column":5}},"type":"if","locations":[{"start":{"line":67,"column":4},"end":{"line":70,"column":5}},{"start":{},"end":{}}],"line":67},"8":{"loc":{"start":{"line":72,"column":4},"end":{"line":75,"column":5}},"type":"if","locations":[{"start":{"line":72,"column":4},"end":{"line":75,"column":5}},{"start":{},"end":{}}],"line":72},"9":{"loc":{"start":{"line":77,"column":4},"end":{"line":83,"column":5}},"type":"if","locations":[{"start":{"line":77,"column":4},"end":{"line":83,"column":5}},{"start":{"line":80,"column":11},"end":{"line":83,"column":5}}],"line":77},"10":{"loc":{"start":{"line":80,"column":11},"end":{"line":83,"column":5}},"type":"if","locations":[{"start":{"line":80,"column":11},"end":{"line":83,"column":5}},{"start":{},"end":{}}],"line":80},"11":{"loc":{"start":{"line":85,"column":4},"end":{"line":88,"column":5}},"type":"if","locations":[{"start":{"line":85,"column":4},"end":{"line":88,"column":5}},{"start":{},"end":{}}],"line":85},"12":{"loc":{"start":{"line":111,"column":6},"end":{"line":123,"column":7}},"type":"if","locations":[{"start":{"line":111,"column":6},"end":{"line":123,"column":7}},{"start":{"line":121,"column":13},"end":{"line":123,"column":7}}],"line":111},"13":{"loc":{"start":{"line":244,"column":29},"end":{"line":244,"column":78}},"type":"cond-expr","locations":[{"start":{"line":244,"column":43},"end":{"line":244,"column":73}},{"start":{"line":244,"column":76},"end":{"line":244,"column":78}}],"line":244}},"s":{"0":0,"1":0,"2":0,"3":0,"4":0,"5":0,"6":0,"7":0,"8":0,"9":0,"10":0,"11":0,"12":0,"13":0,"14":0,"15":0,"16":0,"17":0,"18":0,"19":0,"20":0,"21":0,"22":0,"23":0,"24":0,"25":0,"26":0,"27":0,"28":0,"29":0,"30":0,"31":0,"32":0,"33":0,"34":0,"35":0,"36":0,"37":0,"38":0,"39":0,"40":0,"41":0,"42":0,"43":0,"44":0,"45":0,"46":0,"47":0,"48":0,"49":0,"50":0,"51":0,"52":0,"53":0,"54":0,"55":0,"56":0,"57":0,"58":0,"59":0,"60":0,"61":0,"62":0,"63":0,"64":0,"65":0,"66":0,"67":0,"68":0,"69":0,"70":0,"71":0,"72":0,"73":0,"74":0,"75":0,"76":0,"77":0,"78":0,"79":0,"80":0,"81":0},"f":{"0":0,"1":0,"2":0,"3":0,"4":0,"5":0,"6":0,"7":0,"8":0,"9":0,"10":0,"11":0,"12":0},"b":{"0":[0,0],"1":[0,0],"2":[0,0],"3":[0,0],"4":[0,0],"5":[0,0],"6":[0,0],"7":[0,0],"8":[0,0],"9":[0,0],"10":[0,0],"11":[0,0],"12":[0,0],"13":[0,0]},"_coverageSchema":"1a1c01bbd47fc00a2c39e90264f33305004495a9","hash":"866122120845f69e56e4ec4f63f9b7b38d3267dc"}
,"C:\\Users\\Diers\\OneDrive\\Escritorio\\Proyecto-Colegio-Bautista-Ebenezer-2\\fronted_cbe\\src\\pages\\AlumnoEstadisticas.js": {"path":"C:\\Users\\Diers\\OneDrive\\Escritorio\\Proyecto-Colegio-Bautista-Ebenezer-2\\fronted_cbe\\src\\pages\\AlumnoEstadisticas.js","statementMap":{"0":{"start":{"line":8,"column":21},"end":{"line":141,"column":1}},"1":{"start":{"line":9,"column":40},"end":{"line":9,"column":52}},"2":{"start":{"line":10,"column":22},"end":{"line":10,"column":34}},"3":{"start":{"line":13,"column":27},"end":{"line":23,"column":3}},"4":{"start":{"line":14,"column":4},"end":{"line":22,"column":8}},"5":{"start":{"line":15,"column":26},"end":{"line":15,"column":41}},"6":{"start":{"line":17,"column":29},"end":{"line":17,"column":74}},"7":{"start":{"line":17,"column":51},"end":{"line":17,"column":73}},"8":{"start":{"line":18,"column":8},"end":{"line":18,"column":37}},"9":{"start":{"line":21,"column":8},"end":{"line":21,"column":76}},"10":{"start":{"line":25,"column":2},"end":{"line":27,"column":9}},"11":{"start":{"line":26,"column":4},"end":{"line":26,"column":23}},"12":{"start":{"line":29,"column":2},"end":{"line":88,"column":20}},"13":{"start":{"line":30,"column":4},"end":{"line":87,"column":5}},"14":{"start":{"line":31,"column":21},"end":{"line":31,"column":57}},"15":{"start":{"line":32,"column":20},"end":{"line":32,"column":77}},"16":{"start":{"line":32,"column":54},"end":{"line":32,"column":73}},"17":{"start":{"line":33,"column":22},"end":{"line":33,"column":76}},"18":{"start":{"line":35,"column":23},"end":{"line":84,"column":8}},"19":{"start":{"line":38,"column":44},"end":{"line":38,"column":73}},"20":{"start":{"line":42,"column":46},"end":{"line":42,"column":59}},"21":{"start":{"line":44,"column":50},"end":{"line":44,"column":75}},"22":{"start":{"line":60,"column":34},"end":{"line":60,"column":56}},"23":{"start":{"line":61,"column":18},"end":{"line":68,"column":21}},"24":{"start":{"line":62,"column":34},"end":{"line":62,"column":53}},"25":{"start":{"line":63,"column":39},"end":{"line":63,"column":79}},"26":{"start":{"line":64,"column":20},"end":{"line":67,"column":22}},"27":{"start":{"line":75,"column":39},"end":{"line":75,"column":57}},"28":{"start":{"line":77,"column":20},"end":{"line":77,"column":67}},"29":{"start":{"line":78,"column":18},"end":{"line":78,"column":81}},"30":{"start":{"line":86,"column":6},"end":{"line":86,"column":38}},"31":{"start":{"line":86,"column":19},"end":{"line":86,"column":37}},"32":{"start":{"line":90,"column":31},"end":{"line":108,"column":3}},"33":{"start":{"line":91,"column":16},"end":{"line":91,"column":27}},"34":{"start":{"line":92,"column":4},"end":{"line":92,"column":53}},"35":{"start":{"line":93,"column":12},"end":{"line":93,"column":14}},"36":{"start":{"line":95,"column":4},"end":{"line":100,"column":5}},"37":{"start":{"line":96,"column":24},"end":{"line":96,"column":62}},"38":{"start":{"line":97,"column":25},"end":{"line":97,"column":57}},"39":{"start":{"line":98,"column":6},"end":{"line":98,"column":55}},"40":{"start":{"line":99,"column":6},"end":{"line":99,"column":15}},"41":{"start":{"line":102,"column":4},"end":{"line":105,"column":7}},"42":{"start":{"line":103,"column":6},"end":{"line":103,"column":65}},"43":{"start":{"line":104,"column":6},"end":{"line":104,"column":14}},"44":{"start":{"line":107,"column":4},"end":{"line":107,"column":43}},"45":{"start":{"line":110,"column":2},"end":{"line":140,"column":4}},"46":{"start":{"line":123,"column":31},"end":{"line":123,"column":58}},"47":{"start":{"line":130,"column":31},"end":{"line":130,"column":57}}},"fnMap":{"0":{"name":"(anonymous_0)","decl":{"start":{"line":8,"column":21},"end":{"line":8,"column":22}},"loc":{"start":{"line":8,"column":34},"end":{"line":141,"column":1}},"line":8},"1":{"name":"(anonymous_1)","decl":{"start":{"line":13,"column":27},"end":{"line":13,"column":28}},"loc":{"start":{"line":13,"column":33},"end":{"line":23,"column":3}},"line":13},"2":{"name":"(anonymous_2)","decl":{"start":{"line":15,"column":12},"end":{"line":15,"column":13}},"loc":{"start":{"line":15,"column":26},"end":{"line":15,"column":41}},"line":15},"3":{"name":"(anonymous_3)","decl":{"start":{"line":16,"column":12},"end":{"line":16,"column":13}},"loc":{"start":{"line":16,"column":22},"end":{"line":19,"column":7}},"line":16},"4":{"name":"(anonymous_4)","decl":{"start":{"line":17,"column":41},"end":{"line":17,"column":42}},"loc":{"start":{"line":17,"column":51},"end":{"line":17,"column":73}},"line":17},"5":{"name":"(anonymous_5)","decl":{"start":{"line":20,"column":13},"end":{"line":20,"column":14}},"loc":{"start":{"line":21,"column":8},"end":{"line":21,"column":76}},"line":21},"6":{"name":"(anonymous_6)","decl":{"start":{"line":25,"column":12},"end":{"line":25,"column":13}},"loc":{"start":{"line":25,"column":18},"end":{"line":27,"column":3}},"line":25},"7":{"name":"(anonymous_7)","decl":{"start":{"line":29,"column":12},"end":{"line":29,"column":13}},"loc":{"start":{"line":29,"column":18},"end":{"line":88,"column":3}},"line":29},"8":{"name":"(anonymous_8)","decl":{"start":{"line":32,"column":39},"end":{"line":32,"column":40}},"loc":{"start":{"line":32,"column":54},"end":{"line":32,"column":73}},"line":32},"9":{"name":"(anonymous_9)","decl":{"start":{"line":38,"column":34},"end":{"line":38,"column":35}},"loc":{"start":{"line":38,"column":44},"end":{"line":38,"column":73}},"line":38},"10":{"name":"(anonymous_10)","decl":{"start":{"line":42,"column":36},"end":{"line":42,"column":37}},"loc":{"start":{"line":42,"column":46},"end":{"line":42,"column":59}},"line":42},"11":{"name":"(anonymous_11)","decl":{"start":{"line":44,"column":39},"end":{"line":44,"column":40}},"loc":{"start":{"line":44,"column":50},"end":{"line":44,"column":75}},"line":44},"12":{"name":"(anonymous_12)","decl":{"start":{"line":59,"column":32},"end":{"line":59,"column":33}},"loc":{"start":{"line":59,"column":49},"end":{"line":69,"column":17}},"line":59},"13":{"name":"(anonymous_13)","decl":{"start":{"line":61,"column":47},"end":{"line":61,"column":48}},"loc":{"start":{"line":61,"column":65},"end":{"line":68,"column":19}},"line":61},"14":{"name":"(anonymous_14)","decl":{"start":{"line":74,"column":23},"end":{"line":74,"column":24}},"loc":{"start":{"line":74,"column":46},"end":{"line":79,"column":17}},"line":74},"15":{"name":"(anonymous_15)","decl":{"start":{"line":86,"column":13},"end":{"line":86,"column":14}},"loc":{"start":{"line":86,"column":19},"end":{"line":86,"column":37}},"line":86},"16":{"name":"(anonymous_16)","decl":{"start":{"line":90,"column":31},"end":{"line":90,"column":32}},"loc":{"start":{"line":90,"column":52},"end":{"line":108,"column":3}},"line":90},"17":{"name":"(anonymous_17)","decl":{"start":{"line":102,"column":24},"end":{"line":102,"column":25}},"loc":{"start":{"line":102,"column":34},"end":{"line":105,"column":5}},"line":102},"18":{"name":"(anonymous_18)","decl":{"start":{"line":123,"column":25},"end":{"line":123,"column":26}},"loc":{"start":{"line":123,"column":31},"end":{"line":123,"column":58}},"line":123},"19":{"name":"(anonymous_19)","decl":{"start":{"line":130,"column":25},"end":{"line":130,"column":26}},"loc":{"start":{"line":130,"column":31},"end":{"line":130,"column":57}},"line":130}},"branchMap":{"0":{"loc":{"start":{"line":30,"column":4},"end":{"line":87,"column":5}},"type":"if","locations":[{"start":{"line":30,"column":4},"end":{"line":87,"column":5}},{"start":{},"end":{}}],"line":30},"1":{"loc":{"start":{"line":30,"column":8},"end":{"line":30,"column":53}},"type":"binary-expr","locations":[{"start":{"line":30,"column":8},"end":{"line":30,"column":30}},{"start":{"line":30,"column":34},"end":{"line":30,"column":53}}],"line":30},"2":{"loc":{"start":{"line":95,"column":4},"end":{"line":100,"column":5}},"type":"if","locations":[{"start":{"line":95,"column":4},"end":{"line":100,"column":5}},{"start":{},"end":{}}],"line":95},"3":{"loc":{"start":{"line":95,"column":8},"end":{"line":95,"column":40}},"type":"binary-expr","locations":[{"start":{"line":95,"column":8},"end":{"line":95,"column":17}},{"start":{"line":95,"column":21},"end":{"line":95,"column":40}}],"line":95}},"s":{"0":0,"1":0,"2":0,"3":0,"4":0,"5":0,"6":0,"7":0,"8":0,"9":0,"10":0,"11":0,"12":0,"13":0,"14":0,"15":0,"16":0,"17":0,"18":0,"19":0,"20":0,"21":0,"22":0,"23":0,"24":0,"25":0,"26":0,"27":0,"28":0,"29":0,"30":0,"31":0,"32":0,"33":0,"34":0,"35":0,"36":0,"37":0,"38":0,"39":0,"40":0,"41":0,"42":0,"43":0,"44":0,"45":0,"46":0,"47":0},"f":{"0":0,"1":0,"2":0,"3":0,"4":0,"5":0,"6":0,"7":0,"8":0,"9":0,"10":0,"11":0,"12":0,"13":0,"14":0,"15":0,"16":0,"17":0,"18":0,"19":0},"b":{"0":[0,0],"1":[0,0],"2":[0,0],"3":[0,0]}}
,"C:\\Users\\Diers\\OneDrive\\Escritorio\\Proyecto-Colegio-Bautista-Ebenezer-2\\fronted_cbe\\src\\pages\\AlumnoList.js": {"path":"C:\\Users\\Diers\\OneDrive\\Escritorio\\Proyecto-Colegio-Bautista-Ebenezer-2\\fronted_cbe\\src\\pages\\AlumnoList.js","statementMap":{"0":{"start":{"line":6,"column":19},"end":{"line":352,"column":1}},"1":{"start":{"line":7,"column":31},"end":{"line":7,"column":43}},"2":{"start":{"line":8,"column":36},"end":{"line":8,"column":51}},"3":{"start":{"line":9,"column":46},"end":{"line":9,"column":58}},"4":{"start":{"line":10,"column":34},"end":{"line":17,"column":4}},"5":{"start":{"line":18,"column":30},"end":{"line":24,"column":4}},"6":{"start":{"line":26,"column":40},"end":{"line":26,"column":52}},"7":{"start":{"line":28,"column":29},"end":{"line":30,"column":3}},"8":{"start":{"line":29,"column":4},"end":{"line":29,"column":35}},"9":{"start":{"line":32,"column":26},"end":{"line":52,"column":46}},"10":{"start":{"line":33,"column":4},"end":{"line":51,"column":5}},"11":{"start":{"line":34,"column":29},"end":{"line":34,"column":93}},"12":{"start":{"line":35,"column":31},"end":{"line":35,"column":99}},"13":{"start":{"line":36,"column":38},"end":{"line":36,"column":120}},"14":{"start":{"line":37,"column":31},"end":{"line":37,"column":99}},"15":{"start":{"line":38,"column":28},"end":{"line":38,"column":90}},"16":{"start":{"line":40,"column":21},"end":{"line":40,"column":46}},"17":{"start":{"line":42,"column":6},"end":{"line":48,"column":8}},"18":{"start":{"line":50,"column":6},"end":{"line":50,"column":19}},"19":{"start":{"line":52,"column":20},"end":{"line":52,"column":45}},"20":{"start":{"line":54,"column":20},"end":{"line":70,"column":3}},"21":{"start":{"line":55,"column":4},"end":{"line":55,"column":30}},"22":{"start":{"line":58,"column":37},"end":{"line":58,"column":87}},"23":{"start":{"line":60,"column":4},"end":{"line":67,"column":7}},"24":{"start":{"line":69,"column":4},"end":{"line":69,"column":23}},"25":{"start":{"line":73,"column":17},"end":{"line":73,"column":41}},"26":{"start":{"line":74,"column":17},"end":{"line":74,"column":35}},"27":{"start":{"line":75,"column":18},"end":{"line":75,"column":62}},"28":{"start":{"line":76,"column":16},"end":{"line":76,"column":55}},"29":{"start":{"line":77,"column":4},"end":{"line":77,"column":37}},"30":{"start":{"line":80,"column":27},"end":{"line":86,"column":3}},"31":{"start":{"line":81,"column":28},"end":{"line":81,"column":36}},"32":{"start":{"line":82,"column":4},"end":{"line":85,"column":7}},"33":{"start":{"line":88,"column":21},"end":{"line":93,"column":3}},"34":{"start":{"line":89,"column":4},"end":{"line":92,"column":89}},"35":{"start":{"line":90,"column":26},"end":{"line":90,"column":41}},"36":{"start":{"line":91,"column":22},"end":{"line":91,"column":37}},"37":{"start":{"line":92,"column":24},"end":{"line":92,"column":87}},"38":{"start":{"line":95,"column":23},"end":{"line":156,"column":3}},"39":{"start":{"line":97,"column":18},"end":{"line":97,"column":22}},"40":{"start":{"line":98,"column":22},"end":{"line":98,"column":35}},"41":{"start":{"line":101,"column":22},"end":{"line":101,"column":37}},"42":{"start":{"line":102,"column":4},"end":{"line":107,"column":5}},"43":{"start":{"line":103,"column":6},"end":{"line":103,"column":55}},"44":{"start":{"line":104,"column":6},"end":{"line":104,"column":22}},"45":{"start":{"line":106,"column":6},"end":{"line":106,"column":36}},"46":{"start":{"line":109,"column":4},"end":{"line":114,"column":5}},"47":{"start":{"line":110,"column":6},"end":{"line":110,"column":57}},"48":{"start":{"line":111,"column":6},"end":{"line":111,"column":22}},"49":{"start":{"line":113,"column":6},"end":{"line":113,"column":38}},"50":{"start":{"line":117,"column":23},"end":{"line":117,"column":38}},"51":{"start":{"line":118,"column":4},"end":{"line":123,"column":5}},"52":{"start":{"line":119,"column":6},"end":{"line":119,"column":75}},"53":{"start":{"line":120,"column":6},"end":{"line":120,"column":22}},"54":{"start":{"line":122,"column":6},"end":{"line":122,"column":37}},"55":{"start":{"line":126,"column":4},"end":{"line":126,"column":25}},"56":{"start":{"line":128,"column":4},"end":{"line":155,"column":5}},"57":{"start":{"line":129,"column":39},"end":{"line":129,"column":91}},"58":{"start":{"line":131,"column":28},"end":{"line":137,"column":7}},"59":{"start":{"line":139,"column":6},"end":{"line":139,"column":56}},"60":{"start":{"line":141,"column":6},"end":{"line":154,"column":84}},"61":{"start":{"line":149,"column":10},"end":{"line":152,"column":11}},"62":{"start":{"line":150,"column":12},"end":{"line":150,"column":32}},"63":{"start":{"line":151,"column":12},"end":{"line":151,"column":25}},"64":{"start":{"line":154,"column":26},"end":{"line":154,"column":82}},"65":{"start":{"line":159,"column":23},"end":{"line":174,"column":3}},"66":{"start":{"line":160,"column":25},"end":{"line":160,"column":83}},"67":{"start":{"line":161,"column":4},"end":{"line":173,"column":5}},"68":{"start":{"line":163,"column":6},"end":{"line":172,"column":80}},"69":{"start":{"line":167,"column":10},"end":{"line":170,"column":11}},"70":{"start":{"line":169,"column":12},"end":{"line":169,"column":25}},"71":{"start":{"line":172,"column":26},"end":{"line":172,"column":78}},"72":{"start":{"line":176,"column":30},"end":{"line":182,"column":3}},"73":{"start":{"line":177,"column":4},"end":{"line":181,"column":7}},"74":{"start":{"line":184,"column":2},"end":{"line":186,"column":9}},"75":{"start":{"line":185,"column":4},"end":{"line":185,"column":17}},"76":{"start":{"line":188,"column":2},"end":{"line":351,"column":4}},"77":{"start":{"line":221,"column":16},"end":{"line":249,"column":21}},"78":{"start":{"line":231,"column":63},"end":{"line":231,"column":80}},"79":{"start":{"line":235,"column":62},"end":{"line":235,"column":93}},"80":{"start":{"line":241,"column":39},"end":{"line":241,"column":124}},"81":{"start":{"line":255,"column":44},"end":{"line":255,"column":63}},"82":{"start":{"line":325,"column":40},"end":{"line":325,"column":73}},"83":{"start":{"line":326,"column":49},"end":{"line":326,"column":89}},"84":{"start":{"line":327,"column":26},"end":{"line":327,"column":88}},"85":{"start":{"line":342,"column":53},"end":{"line":342,"column":72}}},"fnMap":{"0":{"name":"(anonymous_0)","decl":{"start":{"line":6,"column":19},"end":{"line":6,"column":20}},"loc":{"start":{"line":6,"column":47},"end":{"line":352,"column":1}},"line":6},"1":{"name":"(anonymous_1)","decl":{"start":{"line":28,"column":29},"end":{"line":28,"column":30}},"loc":{"start":{"line":28,"column":36},"end":{"line":30,"column":3}},"line":28},"2":{"name":"(anonymous_2)","decl":{"start":{"line":32,"column":41},"end":{"line":32,"column":42}},"loc":{"start":{"line":32,"column":53},"end":{"line":52,"column":3}},"line":32},"3":{"name":"(anonymous_3)","decl":{"start":{"line":52,"column":10},"end":{"line":52,"column":11}},"loc":{"start":{"line":52,"column":20},"end":{"line":52,"column":45}},"line":52},"4":{"name":"(anonymous_4)","decl":{"start":{"line":54,"column":20},"end":{"line":54,"column":21}},"loc":{"start":{"line":54,"column":32},"end":{"line":70,"column":3}},"line":54},"5":{"name":"formatDateForInput","decl":{"start":{"line":72,"column":11},"end":{"line":72,"column":29}},"loc":{"start":{"line":72,"column":46},"end":{"line":78,"column":3}},"line":72},"6":{"name":"(anonymous_6)","decl":{"start":{"line":80,"column":27},"end":{"line":80,"column":28}},"loc":{"start":{"line":80,"column":34},"end":{"line":86,"column":3}},"line":80},"7":{"name":"(anonymous_7)","decl":{"start":{"line":88,"column":21},"end":{"line":88,"column":22}},"loc":{"start":{"line":88,"column":27},"end":{"line":93,"column":3}},"line":88},"8":{"name":"(anonymous_8)","decl":{"start":{"line":90,"column":12},"end":{"line":90,"column":13}},"loc":{"start":{"line":90,"column":26},"end":{"line":90,"column":41}},"line":90},"9":{"name":"(anonymous_9)","decl":{"start":{"line":91,"column":12},"end":{"line":91,"column":13}},"loc":{"start":{"line":91,"column":22},"end":{"line":91,"column":37}},"line":91},"10":{"name":"(anonymous_10)","decl":{"start":{"line":92,"column":13},"end":{"line":92,"column":14}},"loc":{"start":{"line":92,"column":24},"end":{"line":92,"column":87}},"line":92},"11":{"name":"(anonymous_11)","decl":{"start":{"line":95,"column":23},"end":{"line":95,"column":24}},"loc":{"start":{"line":95,"column":29},"end":{"line":156,"column":3}},"line":95},"12":{"name":"(anonymous_12)","decl":{"start":{"line":148,"column":14},"end":{"line":148,"column":15}},"loc":{"start":{"line":148,"column":28},"end":{"line":153,"column":9}},"line":148},"13":{"name":"(anonymous_13)","decl":{"start":{"line":154,"column":15},"end":{"line":154,"column":16}},"loc":{"start":{"line":154,"column":26},"end":{"line":154,"column":82}},"line":154},"14":{"name":"(anonymous_14)","decl":{"start":{"line":159,"column":23},"end":{"line":159,"column":24}},"loc":{"start":{"line":159,"column":39},"end":{"line":174,"column":3}},"line":159},"15":{"name":"(anonymous_15)","decl":{"start":{"line":166,"column":14},"end":{"line":166,"column":15}},"loc":{"start":{"line":166,"column":28},"end":{"line":171,"column":9}},"line":166},"16":{"name":"(anonymous_16)","decl":{"start":{"line":172,"column":15},"end":{"line":172,"column":16}},"loc":{"start":{"line":172,"column":26},"end":{"line":172,"column":78}},"line":172},"17":{"name":"(anonymous_17)","decl":{"start":{"line":176,"column":30},"end":{"line":176,"column":31}},"loc":{"start":{"line":176,"column":63},"end":{"line":182,"column":3}},"line":176},"18":{"name":"(anonymous_18)","decl":{"start":{"line":184,"column":12},"end":{"line":184,"column":13}},"loc":{"start":{"line":184,"column":18},"end":{"line":186,"column":3}},"line":184},"19":{"name":"(anonymous_19)","decl":{"start":{"line":220,"column":35},"end":{"line":220,"column":36}},"loc":{"start":{"line":221,"column":16},"end":{"line":249,"column":21}},"line":221},"20":{"name":"(anonymous_20)","decl":{"start":{"line":231,"column":57},"end":{"line":231,"column":58}},"loc":{"start":{"line":231,"column":63},"end":{"line":231,"column":80}},"line":231},"21":{"name":"(anonymous_21)","decl":{"start":{"line":235,"column":56},"end":{"line":235,"column":57}},"loc":{"start":{"line":235,"column":62},"end":{"line":235,"column":93}},"line":235},"22":{"name":"(anonymous_22)","decl":{"start":{"line":241,"column":33},"end":{"line":241,"column":34}},"loc":{"start":{"line":241,"column":39},"end":{"line":241,"column":124}},"line":241},"23":{"name":"(anonymous_23)","decl":{"start":{"line":255,"column":38},"end":{"line":255,"column":39}},"loc":{"start":{"line":255,"column":44},"end":{"line":255,"column":63}},"line":255},"24":{"name":"(anonymous_24)","decl":{"start":{"line":324,"column":34},"end":{"line":324,"column":35}},"loc":{"start":{"line":324,"column":41},"end":{"line":328,"column":25}},"line":324},"25":{"name":"(anonymous_25)","decl":{"start":{"line":342,"column":47},"end":{"line":342,"column":48}},"loc":{"start":{"line":342,"column":53},"end":{"line":342,"column":72}},"line":342}},"branchMap":{"0":{"loc":{"start":{"line":33,"column":4},"end":{"line":51,"column":5}},"type":"if","locations":[{"start":{"line":33,"column":4},"end":{"line":51,"column":5}},{"start":{"line":49,"column":11},"end":{"line":51,"column":5}}],"line":33},"1":{"loc":{"start":{"line":33,"column":8},"end":{"line":33,"column":44}},"type":"binary-expr","locations":[{"start":{"line":33,"column":8},"end":{"line":33,"column":14}},{"start":{"line":33,"column":18},"end":{"line":33,"column":44}}],"line":33},"2":{"loc":{"start":{"line":34,"column":29},"end":{"line":34,"column":93}},"type":"cond-expr","locations":[{"start":{"line":34,"column":53},"end":{"line":34,"column":88}},{"start":{"line":34,"column":91},"end":{"line":34,"column":93}}],"line":34},"3":{"loc":{"start":{"line":35,"column":31},"end":{"line":35,"column":99}},"type":"cond-expr","locations":[{"start":{"line":35,"column":57},"end":{"line":35,"column":94}},{"start":{"line":35,"column":97},"end":{"line":35,"column":99}}],"line":35},"4":{"loc":{"start":{"line":36,"column":38},"end":{"line":36,"column":120}},"type":"cond-expr","locations":[{"start":{"line":36,"column":71},"end":{"line":36,"column":115}},{"start":{"line":36,"column":118},"end":{"line":36,"column":120}}],"line":36},"5":{"loc":{"start":{"line":37,"column":31},"end":{"line":37,"column":99}},"type":"cond-expr","locations":[{"start":{"line":37,"column":57},"end":{"line":37,"column":94}},{"start":{"line":37,"column":97},"end":{"line":37,"column":99}}],"line":37},"6":{"loc":{"start":{"line":38,"column":28},"end":{"line":38,"column":90}},"type":"cond-expr","locations":[{"start":{"line":38,"column":51},"end":{"line":38,"column":85}},{"start":{"line":38,"column":88},"end":{"line":38,"column":90}}],"line":38},"7":{"loc":{"start":{"line":43,"column":8},"end":{"line":47,"column":38}},"type":"binary-expr","locations":[{"start":{"line":43,"column":8},"end":{"line":43,"column":39}},{"start":{"line":44,"column":8},"end":{"line":44,"column":41}},{"start":{"line":45,"column":8},"end":{"line":45,"column":48}},{"start":{"line":46,"column":8},"end":{"line":46,"column":41}},{"start":{"line":47,"column":8},"end":{"line":47,"column":38}}],"line":43},"8":{"loc":{"start":{"line":102,"column":4},"end":{"line":107,"column":5}},"type":"if","locations":[{"start":{"line":102,"column":4},"end":{"line":107,"column":5}},{"start":{"line":105,"column":11},"end":{"line":107,"column":5}}],"line":102},"9":{"loc":{"start":{"line":109,"column":4},"end":{"line":114,"column":5}},"type":"if","locations":[{"start":{"line":109,"column":4},"end":{"line":114,"column":5}},{"start":{"line":112,"column":11},"end":{"line":114,"column":5}}],"line":109},"10":{"loc":{"start":{"line":118,"column":4},"end":{"line":123,"column":5}},"type":"if","locations":[{"start":{"line":118,"column":4},"end":{"line":123,"column":5}},{"start":{"line":121,"column":11},"end":{"line":123,"column":5}}],"line":118},"11":{"loc":{"start":{"line":128,"column":4},"end":{"line":155,"column":5}},"type":"if","locations":[{"start":{"line":128,"column":4},"end":{"line":155,"column":5}},{"start":{},"end":{}}],"line":128},"12":{"loc":{"start":{"line":149,"column":10},"end":{"line":152,"column":11}},"type":"if","locations":[{"start":{"line":149,"column":10},"end":{"line":152,"column":11}},{"start":{},"end":{}}],"line":149},"13":{"loc":{"start":{"line":161,"column":4},"end":{"line":173,"column":5}},"type":"if","locations":[{"start":{"line":161,"column":4},"end":{"line":173,"column":5}},{"start":{},"end":{}}],"line":161},"14":{"loc":{"start":{"line":167,"column":10},"end":{"line":170,"column":11}},"type":"if","locations":[{"start":{"line":167,"column":10},"end":{"line":170,"column":11}},{"start":{},"end":{}}],"line":167}},"s":{"0":0,"1":0,"2":0,"3":0,"4":0,"5":0,"6":0,"7":0,"8":0,"9":0,"10":0,"11":0,"12":0,"13":0,"14":0,"15":0,"16":0,"17":0,"18":0,"19":0,"20":0,"21":0,"22":0,"23":0,"24":0,"25":0,"26":0,"27":0,"28":0,"29":0,"30":0,"31":0,"32":0,"33":0,"34":0,"35":0,"36":0,"37":0,"38":0,"39":0,"40":0,"41":0,"42":0,"43":0,"44":0,"45":0,"46":0,"47":0,"48":0,"49":0,"50":0,"51":0,"52":0,"53":0,"54":0,"55":0,"56":0,"57":0,"58":0,"59":0,"60":0,"61":0,"62":0,"63":0,"64":0,"65":0,"66":0,"67":0,"68":0,"69":0,"70":0,"71":0,"72":0,"73":0,"74":0,"75":0,"76":0,"77":0,"78":0,"79":0,"80":0,"81":0,"82":0,"83":0,"84":0,"85":0},"f":{"0":0,"1":0,"2":0,"3":0,"4":0,"5":0,"6":0,"7":0,"8":0,"9":0,"10":0,"11":0,"12":0,"13":0,"14":0,"15":0,"16":0,"17":0,"18":0,"19":0,"20":0,"21":0,"22":0,"23":0,"24":0,"25":0},"b":{"0":[0,0],"1":[0,0],"2":[0,0],"3":[0,0],"4":[0,0],"5":[0,0],"6":[0,0],"7":[0,0,0,0,0],"8":[0,0],"9":[0,0],"10":[0,0],"11":[0,0],"12":[0,0],"13":[0,0],"14":[0,0]}}
,"C:\\Users\\Diers\\OneDrive\\Escritorio\\Proyecto-Colegio-Bautista-Ebenezer-2\\fronted_cbe\\src\\pages\\Asignatura.js": {"path":"C:\\Users\\Diers\\OneDrive\\Escritorio\\Proyecto-Colegio-Bautista-Ebenezer-2\\fronted_cbe\\src\\pages\\Asignatura.js","statementMap":{"0":{"start":{"line":11,"column":54},"end":{"line":11,"column":66}},"1":{"start":{"line":12,"column":34},"end":{"line":12,"column":46}},"2":{"start":{"line":13,"column":41},"end":{"line":13,"column":53}},"3":{"start":{"line":15,"column":60},"end":{"line":15,"column":75}},"4":{"start":{"line":16,"column":50},"end":{"line":16,"column":62}},"5":{"start":{"line":24,"column":21},"end":{"line":63,"column":1}},"6":{"start":{"line":25,"column":4},"end":{"line":25,"column":23}},"7":{"start":{"line":28,"column":21},"end":{"line":32,"column":5}},"8":{"start":{"line":34,"column":4},"end":{"line":34,"column":48}},"9":{"start":{"line":36,"column":4},"end":{"line":62,"column":5}},"10":{"start":{"line":38,"column":25},"end":{"line":44,"column":10}},"11":{"start":{"line":46,"column":8},"end":{"line":58,"column":9}},"12":{"start":{"line":48,"column":12},"end":{"line":48,"column":38}},"13":{"start":{"line":51,"column":12},"end":{"line":51,"column":37}},"14":{"start":{"line":52,"column":12},"end":{"line":52,"column":27}},"15":{"start":{"line":53,"column":12},"end":{"line":53,"column":30}},"16":{"start":{"line":57,"column":12},"end":{"line":57,"column":51}},"17":{"start":{"line":60,"column":8},"end":{"line":60,"column":55}},"18":{"start":{"line":61,"column":8},"end":{"line":61,"column":51}},"19":{"start":{"line":65,"column":4},"end":{"line":152,"column":6}},"20":{"start":{"line":87,"column":61},"end":{"line":87,"column":97}},"21":{"start":{"line":99,"column":61},"end":{"line":99,"column":87}},"22":{"start":{"line":119,"column":81},"end":{"line":119,"column":110}},"23":{"start":{"line":141,"column":61},"end":{"line":141,"column":91}}},"fnMap":{"0":{"name":"Matricula","decl":{"start":{"line":7,"column":9},"end":{"line":7,"column":18}},"loc":{"start":{"line":7,"column":21},"end":{"line":153,"column":1}},"line":7},"1":{"name":"(anonymous_1)","decl":{"start":{"line":24,"column":21},"end":{"line":24,"column":22}},"loc":{"start":{"line":24,"column":34},"end":{"line":63,"column":1}},"line":24},"2":{"name":"(anonymous_2)","decl":{"start":{"line":87,"column":54},"end":{"line":87,"column":55}},"loc":{"start":{"line":87,"column":61},"end":{"line":87,"column":97}},"line":87},"3":{"name":"(anonymous_3)","decl":{"start":{"line":99,"column":54},"end":{"line":99,"column":55}},"loc":{"start":{"line":99,"column":61},"end":{"line":99,"column":87}},"line":99},"4":{"name":"(anonymous_4)","decl":{"start":{"line":119,"column":75},"end":{"line":119,"column":76}},"loc":{"start":{"line":119,"column":81},"end":{"line":119,"column":110}},"line":119},"5":{"name":"(anonymous_5)","decl":{"start":{"line":141,"column":55},"end":{"line":141,"column":56}},"loc":{"start":{"line":141,"column":61},"end":{"line":141,"column":91}},"line":141}},"branchMap":{"0":{"loc":{"start":{"line":46,"column":8},"end":{"line":58,"column":9}},"type":"if","locations":[{"start":{"line":46,"column":8},"end":{"line":58,"column":9}},{"start":{"line":56,"column":15},"end":{"line":58,"column":9}}],"line":46},"1":{"loc":{"start":{"line":113,"column":48},"end":{"line":115,"column":56}},"type":"cond-expr","locations":[{"start":{"line":114,"column":54},"end":{"line":114,"column":143}},{"start":{"line":115,"column":54},"end":{"line":115,"column":56}}],"line":113}},"s":{"0":0,"1":0,"2":0,"3":0,"4":0,"5":0,"6":0,"7":0,"8":0,"9":0,"10":0,"11":0,"12":0,"13":0,"14":0,"15":0,"16":0,"17":0,"18":0,"19":0,"20":0,"21":0,"22":0,"23":0},"f":{"0":0,"1":0,"2":0,"3":0,"4":0,"5":0},"b":{"0":[0,0],"1":[0,0]}}
,"C:\\Users\\Diers\\OneDrive\\Escritorio\\Proyecto-Colegio-Bautista-Ebenezer-2\\fronted_cbe\\src\\pages\\AsignaturaList.js": {"path":"C:\\Users\\Diers\\OneDrive\\Escritorio\\Proyecto-Colegio-Bautista-Ebenezer-2\\fronted_cbe\\src\\pages\\AsignaturaList.js","statementMap":{"0":{"start":{"line":8,"column":40},"end":{"line":8,"column":52}},"1":{"start":{"line":9,"column":38},"end":{"line":9,"column":53}},"2":{"start":{"line":10,"column":56},"end":{"line":10,"column":68}},"3":{"start":{"line":11,"column":36},"end":{"line":15,"column":6}},"4":{"start":{"line":16,"column":60},"end":{"line":16,"column":75}},"5":{"start":{"line":17,"column":50},"end":{"line":17,"column":62}},"6":{"start":{"line":18,"column":42},"end":{"line":18,"column":54}},"7":{"start":{"line":20,"column":31},"end":{"line":22,"column":5}},"8":{"start":{"line":21,"column":8},"end":{"line":21,"column":39}},"9":{"start":{"line":24,"column":31},"end":{"line":35,"column":6}},"10":{"start":{"line":25,"column":29},"end":{"line":25,"column":91}},"11":{"start":{"line":26,"column":34},"end":{"line":26,"column":126}},"12":{"start":{"line":27,"column":24},"end":{"line":27,"column":96}},"13":{"start":{"line":28,"column":23},"end":{"line":28,"column":48}},"14":{"start":{"line":30,"column":8},"end":{"line":34,"column":10}},"15":{"start":{"line":37,"column":22},"end":{"line":46,"column":5}},"16":{"start":{"line":38,"column":8},"end":{"line":38,"column":42}},"17":{"start":{"line":39,"column":34},"end":{"line":39,"column":72}},"18":{"start":{"line":40,"column":8},"end":{"line":44,"column":11}},"19":{"start":{"line":45,"column":8},"end":{"line":45,"column":27}},"20":{"start":{"line":49,"column":21},"end":{"line":49,"column":45}},"21":{"start":{"line":50,"column":21},"end":{"line":50,"column":39}},"22":{"start":{"line":51,"column":22},"end":{"line":51,"column":66}},"23":{"start":{"line":52,"column":20},"end":{"line":52,"column":59}},"24":{"start":{"line":53,"column":8},"end":{"line":53,"column":41}},"25":{"start":{"line":56,"column":29},"end":{"line":62,"column":5}},"26":{"start":{"line":57,"column":32},"end":{"line":57,"column":40}},"27":{"start":{"line":58,"column":8},"end":{"line":61,"column":11}},"28":{"start":{"line":64,"column":27},"end":{"line":69,"column":5}},"29":{"start":{"line":65,"column":8},"end":{"line":68,"column":87}},"30":{"start":{"line":66,"column":32},"end":{"line":66,"column":47}},"31":{"start":{"line":67,"column":28},"end":{"line":67,"column":47}},"32":{"start":{"line":68,"column":30},"end":{"line":68,"column":85}},"33":{"start":{"line":71,"column":25},"end":{"line":89,"column":5}},"34":{"start":{"line":72,"column":8},"end":{"line":72,"column":65}},"35":{"start":{"line":73,"column":8},"end":{"line":88,"column":84}},"36":{"start":{"line":81,"column":12},"end":{"line":86,"column":13}},"37":{"start":{"line":82,"column":16},"end":{"line":82,"column":36}},"38":{"start":{"line":83,"column":16},"end":{"line":83,"column":33}},"39":{"start":{"line":85,"column":16},"end":{"line":85,"column":83}},"40":{"start":{"line":88,"column":26},"end":{"line":88,"column":82}},"41":{"start":{"line":91,"column":25},"end":{"line":108,"column":5}},"42":{"start":{"line":92,"column":29},"end":{"line":92,"column":91}},"43":{"start":{"line":93,"column":8},"end":{"line":107,"column":9}},"44":{"start":{"line":94,"column":12},"end":{"line":94,"column":82}},"45":{"start":{"line":95,"column":12},"end":{"line":106,"column":88}},"46":{"start":{"line":99,"column":16},"end":{"line":104,"column":17}},"47":{"start":{"line":100,"column":20},"end":{"line":100,"column":92}},"48":{"start":{"line":101,"column":20},"end":{"line":101,"column":37}},"49":{"start":{"line":103,"column":20},"end":{"line":103,"column":85}},"50":{"start":{"line":106,"column":30},"end":{"line":106,"column":86}},"51":{"start":{"line":110,"column":4},"end":{"line":112,"column":11}},"52":{"start":{"line":111,"column":8},"end":{"line":111,"column":25}},"53":{"start":{"line":114,"column":4},"end":{"line":246,"column":6}},"54":{"start":{"line":147,"column":32},"end":{"line":165,"column":37}},"55":{"start":{"line":154,"column":85},"end":{"line":154,"column":106}},"56":{"start":{"line":157,"column":84},"end":{"line":157,"column":122}},"57":{"start":{"line":160,"column":85},"end":{"line":160,"column":163}},"58":{"start":{"line":172,"column":50},"end":{"line":172,"column":69}},"59":{"start":{"line":217,"column":85},"end":{"line":217,"column":114}},"60":{"start":{"line":223,"column":85},"end":{"line":223,"column":115}},"61":{"start":{"line":237,"column":63},"end":{"line":237,"column":82}}},"fnMap":{"0":{"name":"AsignaturaList","decl":{"start":{"line":7,"column":9},"end":{"line":7,"column":23}},"loc":{"start":{"line":7,"column":52},"end":{"line":247,"column":1}},"line":7},"1":{"name":"(anonymous_1)","decl":{"start":{"line":20,"column":31},"end":{"line":20,"column":32}},"loc":{"start":{"line":20,"column":38},"end":{"line":22,"column":5}},"line":20},"2":{"name":"(anonymous_2)","decl":{"start":{"line":24,"column":49},"end":{"line":24,"column":50}},"loc":{"start":{"line":24,"column":65},"end":{"line":35,"column":5}},"line":24},"3":{"name":"(anonymous_3)","decl":{"start":{"line":37,"column":22},"end":{"line":37,"column":23}},"loc":{"start":{"line":37,"column":38},"end":{"line":46,"column":5}},"line":37},"4":{"name":"formatDateForInput","decl":{"start":{"line":48,"column":13},"end":{"line":48,"column":31}},"loc":{"start":{"line":48,"column":48},"end":{"line":54,"column":5}},"line":48},"5":{"name":"(anonymous_5)","decl":{"start":{"line":56,"column":29},"end":{"line":56,"column":30}},"loc":{"start":{"line":56,"column":36},"end":{"line":62,"column":5}},"line":56},"6":{"name":"(anonymous_6)","decl":{"start":{"line":64,"column":27},"end":{"line":64,"column":28}},"loc":{"start":{"line":64,"column":33},"end":{"line":69,"column":5}},"line":64},"7":{"name":"(anonymous_7)","decl":{"start":{"line":66,"column":18},"end":{"line":66,"column":19}},"loc":{"start":{"line":66,"column":32},"end":{"line":66,"column":47}},"line":66},"8":{"name":"(anonymous_8)","decl":{"start":{"line":67,"column":18},"end":{"line":67,"column":19}},"loc":{"start":{"line":67,"column":28},"end":{"line":67,"column":47}},"line":67},"9":{"name":"(anonymous_9)","decl":{"start":{"line":68,"column":19},"end":{"line":68,"column":20}},"loc":{"start":{"line":68,"column":30},"end":{"line":68,"column":85}},"line":68},"10":{"name":"(anonymous_10)","decl":{"start":{"line":71,"column":25},"end":{"line":71,"column":26}},"loc":{"start":{"line":71,"column":31},"end":{"line":89,"column":5}},"line":71},"11":{"name":"(anonymous_11)","decl":{"start":{"line":80,"column":14},"end":{"line":80,"column":15}},"loc":{"start":{"line":80,"column":28},"end":{"line":87,"column":9}},"line":80},"12":{"name":"(anonymous_12)","decl":{"start":{"line":88,"column":15},"end":{"line":88,"column":16}},"loc":{"start":{"line":88,"column":26},"end":{"line":88,"column":82}},"line":88},"13":{"name":"(anonymous_13)","decl":{"start":{"line":91,"column":25},"end":{"line":91,"column":26}},"loc":{"start":{"line":91,"column":44},"end":{"line":108,"column":5}},"line":91},"14":{"name":"(anonymous_14)","decl":{"start":{"line":98,"column":18},"end":{"line":98,"column":19}},"loc":{"start":{"line":98,"column":32},"end":{"line":105,"column":13}},"line":98},"15":{"name":"(anonymous_15)","decl":{"start":{"line":106,"column":19},"end":{"line":106,"column":20}},"loc":{"start":{"line":106,"column":30},"end":{"line":106,"column":86}},"line":106},"16":{"name":"(anonymous_16)","decl":{"start":{"line":110,"column":14},"end":{"line":110,"column":15}},"loc":{"start":{"line":110,"column":20},"end":{"line":112,"column":5}},"line":110},"17":{"name":"(anonymous_17)","decl":{"start":{"line":146,"column":52},"end":{"line":146,"column":53}},"loc":{"start":{"line":147,"column":32},"end":{"line":165,"column":37}},"line":147},"18":{"name":"(anonymous_18)","decl":{"start":{"line":154,"column":79},"end":{"line":154,"column":80}},"loc":{"start":{"line":154,"column":85},"end":{"line":154,"column":106}},"line":154},"19":{"name":"(anonymous_19)","decl":{"start":{"line":157,"column":78},"end":{"line":157,"column":79}},"loc":{"start":{"line":157,"column":84},"end":{"line":157,"column":122}},"line":157},"20":{"name":"(anonymous_20)","decl":{"start":{"line":160,"column":79},"end":{"line":160,"column":80}},"loc":{"start":{"line":160,"column":85},"end":{"line":160,"column":163}},"line":160},"21":{"name":"(anonymous_21)","decl":{"start":{"line":172,"column":44},"end":{"line":172,"column":45}},"loc":{"start":{"line":172,"column":50},"end":{"line":172,"column":69}},"line":172},"22":{"name":"(anonymous_22)","decl":{"start":{"line":217,"column":79},"end":{"line":217,"column":80}},"loc":{"start":{"line":217,"column":85},"end":{"line":217,"column":114}},"line":217},"23":{"name":"(anonymous_23)","decl":{"start":{"line":223,"column":79},"end":{"line":223,"column":80}},"loc":{"start":{"line":223,"column":85},"end":{"line":223,"column":115}},"line":223},"24":{"name":"(anonymous_24)","decl":{"start":{"line":237,"column":57},"end":{"line":237,"column":58}},"loc":{"start":{"line":237,"column":63},"end":{"line":237,"column":82}},"line":237}},"branchMap":{"0":{"loc":{"start":{"line":25,"column":29},"end":{"line":25,"column":91}},"type":"cond-expr","locations":[{"start":{"line":25,"column":59},"end":{"line":25,"column":86}},{"start":{"line":25,"column":89},"end":{"line":25,"column":91}}],"line":25},"1":{"loc":{"start":{"line":25,"column":29},"end":{"line":25,"column":56}},"type":"binary-expr","locations":[{"start":{"line":25,"column":29},"end":{"line":25,"column":39}},{"start":{"line":25,"column":43},"end":{"line":25,"column":56}}],"line":25},"2":{"loc":{"start":{"line":26,"column":34},"end":{"line":26,"column":126}},"type":"cond-expr","locations":[{"start":{"line":26,"column":79},"end":{"line":26,"column":121}},{"start":{"line":26,"column":124},"end":{"line":26,"column":126}}],"line":26},"3":{"loc":{"start":{"line":26,"column":34},"end":{"line":26,"column":76}},"type":"binary-expr","locations":[{"start":{"line":26,"column":34},"end":{"line":26,"column":44}},{"start":{"line":26,"column":48},"end":{"line":26,"column":76}}],"line":26},"4":{"loc":{"start":{"line":27,"column":24},"end":{"line":27,"column":96}},"type":"cond-expr","locations":[{"start":{"line":27,"column":59},"end":{"line":27,"column":91}},{"start":{"line":27,"column":94},"end":{"line":27,"column":96}}],"line":27},"5":{"loc":{"start":{"line":27,"column":24},"end":{"line":27,"column":56}},"type":"binary-expr","locations":[{"start":{"line":27,"column":24},"end":{"line":27,"column":34}},{"start":{"line":27,"column":38},"end":{"line":27,"column":56}}],"line":27},"6":{"loc":{"start":{"line":31,"column":12},"end":{"line":33,"column":36}},"type":"binary-expr","locations":[{"start":{"line":31,"column":12},"end":{"line":31,"column":41}},{"start":{"line":32,"column":12},"end":{"line":32,"column":46}},{"start":{"line":33,"column":12},"end":{"line":33,"column":36}}],"line":31},"7":{"loc":{"start":{"line":81,"column":12},"end":{"line":86,"column":13}},"type":"if","locations":[{"start":{"line":81,"column":12},"end":{"line":86,"column":13}},{"start":{"line":84,"column":19},"end":{"line":86,"column":13}}],"line":81},"8":{"loc":{"start":{"line":93,"column":8},"end":{"line":107,"column":9}},"type":"if","locations":[{"start":{"line":93,"column":8},"end":{"line":107,"column":9}},{"start":{},"end":{}}],"line":93},"9":{"loc":{"start":{"line":99,"column":16},"end":{"line":104,"column":17}},"type":"if","locations":[{"start":{"line":99,"column":16},"end":{"line":104,"column":17}},{"start":{"line":102,"column":23},"end":{"line":104,"column":17}}],"line":99},"10":{"loc":{"start":{"line":211,"column":52},"end":{"line":213,"column":60}},"type":"cond-expr","locations":[{"start":{"line":212,"column":58},"end":{"line":212,"column":147}},{"start":{"line":213,"column":58},"end":{"line":213,"column":60}}],"line":211}},"s":{"0":0,"1":0,"2":0,"3":0,"4":0,"5":0,"6":0,"7":0,"8":0,"9":0,"10":0,"11":0,"12":0,"13":0,"14":0,"15":0,"16":0,"17":0,"18":0,"19":0,"20":0,"21":0,"22":0,"23":0,"24":0,"25":0,"26":0,"27":0,"28":0,"29":0,"30":0,"31":0,"32":0,"33":0,"34":0,"35":0,"36":0,"37":0,"38":0,"39":0,"40":0,"41":0,"42":0,"43":0,"44":0,"45":0,"46":0,"47":0,"48":0,"49":0,"50":0,"51":0,"52":0,"53":0,"54":0,"55":0,"56":0,"57":0,"58":0,"59":0,"60":0,"61":0},"f":{"0":0,"1":0,"2":0,"3":0,"4":0,"5":0,"6":0,"7":0,"8":0,"9":0,"10":0,"11":0,"12":0,"13":0,"14":0,"15":0,"16":0,"17":0,"18":0,"19":0,"20":0,"21":0,"22":0,"23":0,"24":0},"b":{"0":[0,0],"1":[0,0],"2":[0,0],"3":[0,0],"4":[0,0],"5":[0,0],"6":[0,0,0],"7":[0,0],"8":[0,0],"9":[0,0],"10":[0,0]}}
,"C:\\Users\\Diers\\OneDrive\\Escritorio\\Proyecto-Colegio-Bautista-Ebenezer-2\\fronted_cbe\\src\\pages\\Calificacion.js": {"path":"C:\\Users\\Diers\\OneDrive\\Escritorio\\Proyecto-Colegio-Bautista-Ebenezer-2\\fronted_cbe\\src\\pages\\Calificacion.js","statementMap":{"0":{"start":{"line":9,"column":66},"end":{"line":9,"column":78}},"1":{"start":{"line":10,"column":60},"end":{"line":10,"column":72}},"2":{"start":{"line":11,"column":56},"end":{"line":11,"column":68}},"3":{"start":{"line":12,"column":58},"end":{"line":12,"column":70}},"4":{"start":{"line":14,"column":58},"end":{"line":14,"column":73}},"5":{"start":{"line":15,"column":48},"end":{"line":15,"column":60}},"6":{"start":{"line":16,"column":66},"end":{"line":16,"column":81}},"7":{"start":{"line":17,"column":56},"end":{"line":17,"column":68}},"8":{"start":{"line":19,"column":37},"end":{"line":31,"column":5}},"9":{"start":{"line":20,"column":22},"end":{"line":20,"column":36}},"10":{"start":{"line":21,"column":8},"end":{"line":23,"column":9}},"11":{"start":{"line":22,"column":12},"end":{"line":22,"column":19}},"12":{"start":{"line":24,"column":25},"end":{"line":24,"column":44}},"13":{"start":{"line":25,"column":8},"end":{"line":30,"column":9}},"14":{"start":{"line":26,"column":12},"end":{"line":26,"column":69}},"15":{"start":{"line":28,"column":12},"end":{"line":28,"column":46}},"16":{"start":{"line":29,"column":12},"end":{"line":29,"column":80}},"17":{"start":{"line":33,"column":25},"end":{"line":67,"column":5}},"18":{"start":{"line":34,"column":8},"end":{"line":34,"column":27}},"19":{"start":{"line":35,"column":25},"end":{"line":41,"column":9}},"20":{"start":{"line":43,"column":8},"end":{"line":66,"column":9}},"21":{"start":{"line":44,"column":29},"end":{"line":50,"column":14}},"22":{"start":{"line":52,"column":12},"end":{"line":62,"column":13}},"23":{"start":{"line":53,"column":16},"end":{"line":53,"column":74}},"24":{"start":{"line":54,"column":16},"end":{"line":54,"column":47}},"25":{"start":{"line":55,"column":16},"end":{"line":55,"column":44}},"26":{"start":{"line":56,"column":16},"end":{"line":56,"column":42}},"27":{"start":{"line":57,"column":16},"end":{"line":57,"column":38}},"28":{"start":{"line":58,"column":16},"end":{"line":58,"column":42}},"29":{"start":{"line":59,"column":16},"end":{"line":59,"column":43}},"30":{"start":{"line":61,"column":16},"end":{"line":61,"column":60}},"31":{"start":{"line":64,"column":12},"end":{"line":64,"column":59}},"32":{"start":{"line":65,"column":12},"end":{"line":65,"column":55}},"33":{"start":{"line":69,"column":31},"end":{"line":72,"column":5}},"34":{"start":{"line":70,"column":8},"end":{"line":70,"column":34}},"35":{"start":{"line":71,"column":8},"end":{"line":71,"column":38}},"36":{"start":{"line":74,"column":35},"end":{"line":80,"column":5}},"37":{"start":{"line":75,"column":8},"end":{"line":78,"column":11}},"38":{"start":{"line":79,"column":8},"end":{"line":79,"column":42}},"39":{"start":{"line":82,"column":4},"end":{"line":181,"column":6}},"40":{"start":{"line":110,"column":61},"end":{"line":110,"column":100}},"41":{"start":{"line":118,"column":61},"end":{"line":118,"column":98}},"42":{"start":{"line":135,"column":81},"end":{"line":135,"column":109}},"43":{"start":{"line":147,"column":81},"end":{"line":147,"column":113}},"44":{"start":{"line":163,"column":60},"end":{"line":163,"column":89}},"45":{"start":{"line":172,"column":64},"end":{"line":172,"column":97}}},"fnMap":{"0":{"name":"Calificacion","decl":{"start":{"line":8,"column":9},"end":{"line":8,"column":21}},"loc":{"start":{"line":8,"column":24},"end":{"line":182,"column":1}},"line":8},"1":{"name":"(anonymous_1)","decl":{"start":{"line":19,"column":37},"end":{"line":19,"column":38}},"loc":{"start":{"line":19,"column":44},"end":{"line":31,"column":5}},"line":19},"2":{"name":"(anonymous_2)","decl":{"start":{"line":33,"column":25},"end":{"line":33,"column":26}},"loc":{"start":{"line":33,"column":38},"end":{"line":67,"column":5}},"line":33},"3":{"name":"(anonymous_3)","decl":{"start":{"line":69,"column":31},"end":{"line":69,"column":32}},"loc":{"start":{"line":69,"column":43},"end":{"line":72,"column":5}},"line":69},"4":{"name":"(anonymous_4)","decl":{"start":{"line":74,"column":35},"end":{"line":74,"column":36}},"loc":{"start":{"line":74,"column":61},"end":{"line":80,"column":5}},"line":74},"5":{"name":"(anonymous_5)","decl":{"start":{"line":110,"column":54},"end":{"line":110,"column":55}},"loc":{"start":{"line":110,"column":61},"end":{"line":110,"column":100}},"line":110},"6":{"name":"(anonymous_6)","decl":{"start":{"line":118,"column":54},"end":{"line":118,"column":55}},"loc":{"start":{"line":118,"column":61},"end":{"line":118,"column":98}},"line":118},"7":{"name":"(anonymous_7)","decl":{"start":{"line":135,"column":75},"end":{"line":135,"column":76}},"loc":{"start":{"line":135,"column":81},"end":{"line":135,"column":109}},"line":135},"8":{"name":"(anonymous_8)","decl":{"start":{"line":147,"column":75},"end":{"line":147,"column":76}},"loc":{"start":{"line":147,"column":81},"end":{"line":147,"column":113}},"line":147},"9":{"name":"(anonymous_9)","decl":{"start":{"line":163,"column":54},"end":{"line":163,"column":55}},"loc":{"start":{"line":163,"column":60},"end":{"line":163,"column":89}},"line":163},"10":{"name":"(anonymous_10)","decl":{"start":{"line":172,"column":58},"end":{"line":172,"column":59}},"loc":{"start":{"line":172,"column":64},"end":{"line":172,"column":97}},"line":172}},"branchMap":{"0":{"loc":{"start":{"line":21,"column":8},"end":{"line":23,"column":9}},"type":"if","locations":[{"start":{"line":21,"column":8},"end":{"line":23,"column":9}},{"start":{},"end":{}}],"line":21},"1":{"loc":{"start":{"line":25,"column":8},"end":{"line":30,"column":9}},"type":"if","locations":[{"start":{"line":25,"column":8},"end":{"line":30,"column":9}},{"start":{"line":27,"column":15},"end":{"line":30,"column":9}}],"line":25},"2":{"loc":{"start":{"line":25,"column":12},"end":{"line":25,"column":42}},"type":"binary-expr","locations":[{"start":{"line":25,"column":12},"end":{"line":25,"column":24}},{"start":{"line":25,"column":28},"end":{"line":25,"column":42}}],"line":25},"3":{"loc":{"start":{"line":29,"column":35},"end":{"line":29,"column":78}},"type":"cond-expr","locations":[{"start":{"line":29,"column":52},"end":{"line":29,"column":62}},{"start":{"line":29,"column":65},"end":{"line":29,"column":78}}],"line":29},"4":{"loc":{"start":{"line":52,"column":12},"end":{"line":62,"column":13}},"type":"if","locations":[{"start":{"line":52,"column":12},"end":{"line":62,"column":13}},{"start":{"line":60,"column":19},"end":{"line":62,"column":13}}],"line":52},"5":{"loc":{"start":{"line":99,"column":53},"end":{"line":99,"column":128}},"type":"binary-expr","locations":[{"start":{"line":99,"column":53},"end":{"line":99,"column":87}},{"start":{"line":99,"column":91},"end":{"line":99,"column":128}}],"line":99},"6":{"loc":{"start":{"line":132,"column":51},"end":{"line":132,"column":168}},"type":"cond-expr","locations":[{"start":{"line":132,"column":78},"end":{"line":132,"column":163}},{"start":{"line":132,"column":166},"end":{"line":132,"column":168}}],"line":132},"7":{"loc":{"start":{"line":144,"column":51},"end":{"line":144,"column":170}},"type":"cond-expr","locations":[{"start":{"line":144,"column":86},"end":{"line":144,"column":165}},{"start":{"line":144,"column":168},"end":{"line":144,"column":170}}],"line":144}},"s":{"0":0,"1":0,"2":0,"3":0,"4":0,"5":0,"6":0,"7":0,"8":0,"9":0,"10":0,"11":0,"12":0,"13":0,"14":0,"15":0,"16":0,"17":0,"18":0,"19":0,"20":0,"21":0,"22":0,"23":0,"24":0,"25":0,"26":0,"27":0,"28":0,"29":0,"30":0,"31":0,"32":0,"33":0,"34":0,"35":0,"36":0,"37":0,"38":0,"39":0,"40":0,"41":0,"42":0,"43":0,"44":0,"45":0},"f":{"0":0,"1":0,"2":0,"3":0,"4":0,"5":0,"6":0,"7":0,"8":0,"9":0,"10":0},"b":{"0":[0,0],"1":[0,0],"2":[0,0],"3":[0,0],"4":[0,0],"5":[0,0],"6":[0,0],"7":[0,0]}}
,"C:\\Users\\Diers\\OneDrive\\Escritorio\\Proyecto-Colegio-Bautista-Ebenezer-2\\fronted_cbe\\src\\pages\\CalificacionList.js": {"path":"C:\\Users\\Diers\\OneDrive\\Escritorio\\Proyecto-Colegio-Bautista-Ebenezer-2\\fronted_cbe\\src\\pages\\CalificacionList.js","statementMap":{"0":{"start":{"line":7,"column":48},"end":{"line":7,"column":60}},"1":{"start":{"line":8,"column":38},"end":{"line":8,"column":53}},"2":{"start":{"line":9,"column":60},"end":{"line":9,"column":72}},"3":{"start":{"line":10,"column":36},"end":{"line":15,"column":6}},"4":{"start":{"line":17,"column":42},"end":{"line":17,"column":54}},"5":{"start":{"line":19,"column":4},"end":{"line":21,"column":11}},"6":{"start":{"line":20,"column":8},"end":{"line":20,"column":29}},"7":{"start":{"line":23,"column":31},"end":{"line":25,"column":5}},"8":{"start":{"line":24,"column":8},"end":{"line":24,"column":39}},"9":{"start":{"line":27,"column":35},"end":{"line":33,"column":6}},"10":{"start":{"line":28,"column":29},"end":{"line":28,"column":101}},"11":{"start":{"line":29,"column":34},"end":{"line":29,"column":124}},"12":{"start":{"line":30,"column":23},"end":{"line":30,"column":48}},"13":{"start":{"line":32,"column":8},"end":{"line":32,"column":83}},"14":{"start":{"line":36,"column":22},"end":{"line":47,"column":5}},"15":{"start":{"line":37,"column":8},"end":{"line":37,"column":46}},"16":{"start":{"line":38,"column":30},"end":{"line":38,"column":81}},"17":{"start":{"line":39,"column":8},"end":{"line":44,"column":11}},"18":{"start":{"line":46,"column":8},"end":{"line":46,"column":27}},"19":{"start":{"line":50,"column":21},"end":{"line":50,"column":45}},"20":{"start":{"line":51,"column":21},"end":{"line":51,"column":39}},"21":{"start":{"line":52,"column":22},"end":{"line":52,"column":66}},"22":{"start":{"line":53,"column":20},"end":{"line":53,"column":59}},"23":{"start":{"line":54,"column":8},"end":{"line":54,"column":41}},"24":{"start":{"line":57,"column":29},"end":{"line":63,"column":5}},"25":{"start":{"line":58,"column":32},"end":{"line":58,"column":40}},"26":{"start":{"line":59,"column":8},"end":{"line":62,"column":11}},"27":{"start":{"line":65,"column":31},"end":{"line":83,"column":5}},"28":{"start":{"line":66,"column":8},"end":{"line":82,"column":15}},"29":{"start":{"line":67,"column":32},"end":{"line":67,"column":47}},"30":{"start":{"line":69,"column":16},"end":{"line":69,"column":54}},"31":{"start":{"line":70,"column":16},"end":{"line":77,"column":17}},"32":{"start":{"line":71,"column":20},"end":{"line":71,"column":47}},"33":{"start":{"line":72,"column":23},"end":{"line":77,"column":17}},"34":{"start":{"line":73,"column":20},"end":{"line":73,"column":44}},"35":{"start":{"line":75,"column":20},"end":{"line":75,"column":73}},"36":{"start":{"line":76,"column":20},"end":{"line":76,"column":42}},"37":{"start":{"line":80,"column":16},"end":{"line":80,"column":77}},"38":{"start":{"line":81,"column":16},"end":{"line":81,"column":38}},"39":{"start":{"line":86,"column":25},"end":{"line":101,"column":5}},"40":{"start":{"line":87,"column":8},"end":{"line":100,"column":92}},"41":{"start":{"line":95,"column":16},"end":{"line":98,"column":17}},"42":{"start":{"line":96,"column":20},"end":{"line":96,"column":40}},"43":{"start":{"line":97,"column":20},"end":{"line":97,"column":41}},"44":{"start":{"line":100,"column":30},"end":{"line":100,"column":90}},"45":{"start":{"line":103,"column":25},"end":{"line":118,"column":5}},"46":{"start":{"line":104,"column":29},"end":{"line":104,"column":93}},"47":{"start":{"line":105,"column":8},"end":{"line":117,"column":9}},"48":{"start":{"line":106,"column":12},"end":{"line":116,"column":94}},"49":{"start":{"line":110,"column":20},"end":{"line":114,"column":21}},"50":{"start":{"line":111,"column":24},"end":{"line":111,"column":45}},"51":{"start":{"line":113,"column":24},"end":{"line":113,"column":91}},"52":{"start":{"line":116,"column":34},"end":{"line":116,"column":92}},"53":{"start":{"line":120,"column":4},"end":{"line":236,"column":6}},"54":{"start":{"line":155,"column":28},"end":{"line":170,"column":33}},"55":{"start":{"line":163,"column":77},"end":{"line":163,"column":100}},"56":{"start":{"line":166,"column":76},"end":{"line":166,"column":118}},"57":{"start":{"line":177,"column":50},"end":{"line":177,"column":69}},"58":{"start":{"line":194,"column":65},"end":{"line":194,"column":84}},"59":{"start":{"line":205,"column":65},"end":{"line":205,"column":84}},"60":{"start":{"line":217,"column":65},"end":{"line":217,"column":84}},"61":{"start":{"line":227,"column":63},"end":{"line":227,"column":82}}},"fnMap":{"0":{"name":"CalificacionList","decl":{"start":{"line":6,"column":9},"end":{"line":6,"column":25}},"loc":{"start":{"line":6,"column":56},"end":{"line":237,"column":1}},"line":6},"1":{"name":"(anonymous_1)","decl":{"start":{"line":19,"column":14},"end":{"line":19,"column":15}},"loc":{"start":{"line":19,"column":20},"end":{"line":21,"column":5}},"line":19},"2":{"name":"(anonymous_2)","decl":{"start":{"line":23,"column":31},"end":{"line":23,"column":32}},"loc":{"start":{"line":23,"column":38},"end":{"line":25,"column":5}},"line":23},"3":{"name":"(anonymous_3)","decl":{"start":{"line":27,"column":57},"end":{"line":27,"column":58}},"loc":{"start":{"line":27,"column":75},"end":{"line":33,"column":5}},"line":27},"4":{"name":"(anonymous_4)","decl":{"start":{"line":36,"column":22},"end":{"line":36,"column":23}},"loc":{"start":{"line":36,"column":40},"end":{"line":47,"column":5}},"line":36},"5":{"name":"formatDateForInput","decl":{"start":{"line":49,"column":13},"end":{"line":49,"column":31}},"loc":{"start":{"line":49,"column":48},"end":{"line":55,"column":5}},"line":49},"6":{"name":"(anonymous_6)","decl":{"start":{"line":57,"column":29},"end":{"line":57,"column":30}},"loc":{"start":{"line":57,"column":36},"end":{"line":63,"column":5}},"line":57},"7":{"name":"(anonymous_7)","decl":{"start":{"line":65,"column":31},"end":{"line":65,"column":32}},"loc":{"start":{"line":65,"column":37},"end":{"line":83,"column":5}},"line":65},"8":{"name":"(anonymous_8)","decl":{"start":{"line":67,"column":18},"end":{"line":67,"column":19}},"loc":{"start":{"line":67,"column":32},"end":{"line":67,"column":47}},"line":67},"9":{"name":"(anonymous_9)","decl":{"start":{"line":68,"column":18},"end":{"line":68,"column":19}},"loc":{"start":{"line":68,"column":28},"end":{"line":78,"column":13}},"line":68},"10":{"name":"(anonymous_10)","decl":{"start":{"line":79,"column":19},"end":{"line":79,"column":20}},"loc":{"start":{"line":79,"column":30},"end":{"line":82,"column":13}},"line":79},"11":{"name":"(anonymous_11)","decl":{"start":{"line":86,"column":25},"end":{"line":86,"column":26}},"loc":{"start":{"line":86,"column":31},"end":{"line":101,"column":5}},"line":86},"12":{"name":"(anonymous_12)","decl":{"start":{"line":94,"column":18},"end":{"line":94,"column":19}},"loc":{"start":{"line":94,"column":32},"end":{"line":99,"column":13}},"line":94},"13":{"name":"(anonymous_13)","decl":{"start":{"line":100,"column":19},"end":{"line":100,"column":20}},"loc":{"start":{"line":100,"column":30},"end":{"line":100,"column":90}},"line":100},"14":{"name":"(anonymous_14)","decl":{"start":{"line":103,"column":25},"end":{"line":103,"column":26}},"loc":{"start":{"line":103,"column":45},"end":{"line":118,"column":5}},"line":103},"15":{"name":"(anonymous_15)","decl":{"start":{"line":109,"column":22},"end":{"line":109,"column":23}},"loc":{"start":{"line":109,"column":36},"end":{"line":115,"column":17}},"line":109},"16":{"name":"(anonymous_16)","decl":{"start":{"line":116,"column":23},"end":{"line":116,"column":24}},"loc":{"start":{"line":116,"column":34},"end":{"line":116,"column":92}},"line":116},"17":{"name":"(anonymous_17)","decl":{"start":{"line":154,"column":52},"end":{"line":154,"column":53}},"loc":{"start":{"line":155,"column":28},"end":{"line":170,"column":33}},"line":155},"18":{"name":"(anonymous_18)","decl":{"start":{"line":163,"column":71},"end":{"line":163,"column":72}},"loc":{"start":{"line":163,"column":77},"end":{"line":163,"column":100}},"line":163},"19":{"name":"(anonymous_19)","decl":{"start":{"line":166,"column":70},"end":{"line":166,"column":71}},"loc":{"start":{"line":166,"column":76},"end":{"line":166,"column":118}},"line":166},"20":{"name":"(anonymous_20)","decl":{"start":{"line":177,"column":44},"end":{"line":177,"column":45}},"loc":{"start":{"line":177,"column":50},"end":{"line":177,"column":69}},"line":177},"21":{"name":"(anonymous_21)","decl":{"start":{"line":194,"column":58},"end":{"line":194,"column":59}},"loc":{"start":{"line":194,"column":65},"end":{"line":194,"column":84}},"line":194},"22":{"name":"(anonymous_22)","decl":{"start":{"line":205,"column":58},"end":{"line":205,"column":59}},"loc":{"start":{"line":205,"column":65},"end":{"line":205,"column":84}},"line":205},"23":{"name":"(anonymous_23)","decl":{"start":{"line":217,"column":58},"end":{"line":217,"column":59}},"loc":{"start":{"line":217,"column":65},"end":{"line":217,"column":84}},"line":217},"24":{"name":"(anonymous_24)","decl":{"start":{"line":227,"column":57},"end":{"line":227,"column":58}},"loc":{"start":{"line":227,"column":63},"end":{"line":227,"column":82}},"line":227}},"branchMap":{"0":{"loc":{"start":{"line":28,"column":29},"end":{"line":28,"column":101}},"type":"cond-expr","locations":[{"start":{"line":28,"column":57},"end":{"line":28,"column":96}},{"start":{"line":28,"column":99},"end":{"line":28,"column":101}}],"line":28},"1":{"loc":{"start":{"line":29,"column":34},"end":{"line":29,"column":124}},"type":"cond-expr","locations":[{"start":{"line":29,"column":68},"end":{"line":29,"column":119}},{"start":{"line":29,"column":122},"end":{"line":29,"column":124}}],"line":29},"2":{"loc":{"start":{"line":32,"column":15},"end":{"line":32,"column":82}},"type":"binary-expr","locations":[{"start":{"line":32,"column":15},"end":{"line":32,"column":44}},{"start":{"line":32,"column":48},"end":{"line":32,"column":82}}],"line":32},"3":{"loc":{"start":{"line":70,"column":16},"end":{"line":77,"column":17}},"type":"if","locations":[{"start":{"line":70,"column":16},"end":{"line":77,"column":17}},{"start":{"line":72,"column":23},"end":{"line":77,"column":17}}],"line":70},"4":{"loc":{"start":{"line":70,"column":20},"end":{"line":70,"column":84}},"type":"binary-expr","locations":[{"start":{"line":70,"column":20},"end":{"line":70,"column":39}},{"start":{"line":70,"column":43},"end":{"line":70,"column":58}},{"start":{"line":70,"column":62},"end":{"line":70,"column":84}}],"line":70},"5":{"loc":{"start":{"line":72,"column":23},"end":{"line":77,"column":17}},"type":"if","locations":[{"start":{"line":72,"column":23},"end":{"line":77,"column":17}},{"start":{"line":74,"column":23},"end":{"line":77,"column":17}}],"line":72},"6":{"loc":{"start":{"line":95,"column":16},"end":{"line":98,"column":17}},"type":"if","locations":[{"start":{"line":95,"column":16},"end":{"line":98,"column":17}},{"start":{},"end":{}}],"line":95},"7":{"loc":{"start":{"line":105,"column":8},"end":{"line":117,"column":9}},"type":"if","locations":[{"start":{"line":105,"column":8},"end":{"line":117,"column":9}},{"start":{},"end":{}}],"line":105},"8":{"loc":{"start":{"line":110,"column":20},"end":{"line":114,"column":21}},"type":"if","locations":[{"start":{"line":110,"column":20},"end":{"line":114,"column":21}},{"start":{"line":112,"column":27},"end":{"line":114,"column":21}}],"line":110}},"s":{"0":0,"1":0,"2":0,"3":0,"4":0,"5":0,"6":0,"7":0,"8":0,"9":0,"10":0,"11":0,"12":0,"13":0,"14":0,"15":0,"16":0,"17":0,"18":0,"19":0,"20":0,"21":0,"22":0,"23":0,"24":0,"25":0,"26":0,"27":0,"28":0,"29":0,"30":0,"31":0,"32":0,"33":0,"34":0,"35":0,"36":0,"37":0,"38":0,"39":0,"40":0,"41":0,"42":0,"43":0,"44":0,"45":0,"46":0,"47":0,"48":0,"49":0,"50":0,"51":0,"52":0,"53":0,"54":0,"55":0,"56":0,"57":0,"58":0,"59":0,"60":0,"61":0},"f":{"0":0,"1":0,"2":0,"3":0,"4":0,"5":0,"6":0,"7":0,"8":0,"9":0,"10":0,"11":0,"12":0,"13":0,"14":0,"15":0,"16":0,"17":0,"18":0,"19":0,"20":0,"21":0,"22":0,"23":0,"24":0},"b":{"0":[0,0],"1":[0,0],"2":[0,0],"3":[0,0],"4":[0,0,0],"5":[0,0],"6":[0,0],"7":[0,0],"8":[0,0]}}
[...]
12},"64":{"name":"(anonymous_64)","decl":{"start":{"line":314,"column":11},"end":{"line":314,"column":12}},"loc":{"start":{"line":314,"column":17},"end":{"line":314,"column":76}},"line":314},"65":{"name":"(anonymous_65)","decl":{"start":{"line":314,"column":40},"end":{"line":314,"column":41}},"loc":{"start":{"line":314,"column":51},"end":{"line":314,"column":75}},"line":314},"66":{"name":"(anonymous_66)","decl":{"start":{"line":336,"column":25},"end":{"line":336,"column":26}},"loc":{"start":{"line":336,"column":70},"end":{"line":387,"column":3}},"line":336},"67":{"name":"(anonymous_67)","decl":{"start":{"line":345,"column":26},"end":{"line":345,"column":27}},"loc":{"start":{"line":345,"column":32},"end":{"line":385,"column":7}},"line":345},"68":{"name":"(anonymous_68)","decl":{"start":{"line":360,"column":22},"end":{"line":360,"column":23}},"loc":{"start":{"line":360,"column":32},"end":{"line":375,"column":9}},"line":360},"69":{"name":"(anonymous_69)","decl":{"start":{"line":402,"column":29},"end":{"line":402,"column":30}},"loc":{"start":{"line":403,"column":22},"end":{"line":408,"column":23}},"line":403},"70":{"name":"(anonymous_70)","decl":{"start":{"line":426,"column":29},"end":{"line":426,"column":30}},"loc":{"start":{"line":427,"column":22},"end":{"line":432,"column":23}},"line":427},"71":{"name":"(anonymous_71)","decl":{"start":{"line":450,"column":29},"end":{"line":450,"column":30}},"loc":{"start":{"line":451,"column":22},"end":{"line":456,"column":23}},"line":451},"72":{"name":"(anonymous_72)","decl":{"start":{"line":474,"column":29},"end":{"line":474,"column":30}},"loc":{"start":{"line":475,"column":22},"end":{"line":480,"column":23}},"line":475},"73":{"name":"(anonymous_73)","decl":{"start":{"line":498,"column":29},"end":{"line":498,"column":30}},"loc":{"start":{"line":499,"column":22},"end":{"line":504,"column":23}},"line":499},"74":{"name":"(anonymous_74)","decl":{"start":{"line":523,"column":30},"end":{"line":523,"column":31}},"loc":{"start":{"line":523,"column":37},"end":{"line":523,"column":60}},"line":523},"75":{"name":"(anonymous_75)","decl":{"start":{"line":530,"column":29},"end":{"line":530,"column":30}},"loc":{"start":{"line":531,"column":22},"end":{"line":536,"column":23}},"line":531},"76":{"name":"(anonymous_76)","decl":{"start":{"line":555,"column":30},"end":{"line":555,"column":31}},"loc":{"start":{"line":555,"column":37},"end":{"line":555,"column":60}},"line":555},"77":{"name":"(anonymous_77)","decl":{"start":{"line":563,"column":30},"end":{"line":563,"column":31}},"loc":{"start":{"line":563,"column":37},"end":{"line":563,"column":61}},"line":563},"78":{"name":"(anonymous_78)","decl":{"start":{"line":570,"column":29},"end":{"line":570,"column":30}},"loc":{"start":{"line":571,"column":22},"end":{"line":576,"column":23}},"line":571},"79":{"name":"(anonymous_79)","decl":{"start":{"line":594,"column":29},"end":{"line":594,"column":30}},"loc":{"start":{"line":595,"column":22},"end":{"line":600,"column":23}},"line":595},"80":{"name":"(anonymous_80)","decl":{"start":{"line":618,"column":29},"end":{"line":618,"column":30}},"loc":{"start":{"line":619,"column":22},"end":{"line":624,"column":23}},"line":619}},"branchMap":{"0":{"loc":{"start":{"line":171,"column":6},"end":{"line":217,"column":7}},"type":"if","locations":[{"start":{"line":171,"column":6},"end":{"line":217,"column":7}},{"start":{},"end":{}}],"line":171},"1":{"loc":{"start":{"line":314,"column":51},"end":{"line":314,"column":75}},"type":"binary-expr","locations":[{"start":{"line":314,"column":51},"end":{"line":314,"column":56}},{"start":{"line":314,"column":60},"end":{"line":314,"column":75}}],"line":314},"2":{"loc":{"start":{"line":337,"column":4},"end":{"line":386,"column":5}},"type":"if","locations":[{"start":{"line":337,"column":4},"end":{"line":386,"column":5}},{"start":{},"end":{}}],"line":337},"3":{"loc":{"start":{"line":362,"column":12},"end":{"line":365,"column":49}},"type":"binary-expr","locations":[{"start":{"line":362,"column":12},"end":{"line":362,"column":24}},{"start":{"line":363,"column":12},"end":{"line":363,"column":34}},{"start":{"line":364,"column":12},"end":{"line":364,"column":29}},{"start":{"line":365,"column":12},"end":{"line":365,"column":49}}],"line":362},"4":{"loc":{"start":{"line":367,"column":12},"end":{"line":367,"column":65}},"type":"binary-expr","locations":[{"start":{"line":367,"column":12},"end":{"line":367,"column":38}},{"start":{"line":367,"column":42},"end":{"line":367,"column":65}}],"line":367},"5":{"loc":{"start":{"line":370,"column":10},"end":{"line":374,"column":11}},"type":"if","locations":[{"start":{"line":370,"column":10},"end":{"line":374,"column":11}},{"start":{},"end":{}}],"line":370}},"s":{"0":0,"1":0,"2":0,"3":0,"4":0,"5":0,"6":0,"7":0,"8":0,"9":0,"10":0,"11":0,"12":0,"13":0,"14":0,"15":0,"16":0,"17":0,"18":0,"19":0,"20":0,"21":0,"22":0,"23":0,"24":0,"25":0,"26":0,"27":0,"28":0,"29":0,"30":0,"31":0,"32":0,"33":0,"34":0,"35":0,"36":0,"37":0,"38":0,"39":0,"40":0,"41":0,"42":0,"43":0,"44":0,"45":0,"46":0,"47":0,"48":0,"49":0,"50":0,"51":0,"52":0,"53":0,"54":0,"55":0,"56":0,"57":0,"58":0,"59":0,"60":0,"61":0,"62":0,"63":0,"64":0,"65":0,"66":0,"67":0,"68":0,"69":0,"70":0,"71":0,"72":0,"73":0,"74":0,"75":0,"76":0,"77":0,"78":0,"79":0,"80":0,"81":0,"82":0,"83":0,"84":0,"85":0,"86":0,"87":0,"88":0,"89":0,"90":0,"91":0,"92":0,"93":0,"94":0,"95":0,"96":0,"97":0,"98":0,"99":0,"100":0,"101":0,"102":0,"103":0,"104":0,"105":0,"106":0,"107":0,"108":0,"109":0,"110":0,"111":0,"112":0,"113":0,"114":0,"115":0,"116":0,"117":0,"118":0,"119":0,"120":0,"121":0,"122":0,"123":0,"124":0,"125":0,"126":0,"127":0,"128":0,"129":0,"130":0,"131":0,"132":0,"133":0,"134":0,"135":0,"136":0,"137":0,"138":0,"139":0,"140":0,"141":0,"142":0,"143":0,"144":0,"145":0,"146":0,"147":0,"148":0,"149":0,"150":0},"f":{"0":0,"1":0,"2":0,"3":0,"4":0,"5":0,"6":0,"7":0,"8":0,"9":0,"10":0,"11":0,"12":0,"13":0,"14":0,"15":0,"16":0,"17":0,"18":0,"19":0,"20":0,"21":0,"22":0,"23":0,"24":0,"25":0,"26":0,"27":0,"28":0,"29":0,"30":0,"31":0,"32":0,"33":0,"34":0,"35":0,"36":0,"37":0,"38":0,"39":0,"40":0,"41":0,"42":0,"43":0,"44":0,"45":0,"46":0,"47":0,"48":0,"49":0,"50":0,"51":0,"52":0,"53":0,"54":0,"55":0,"56":0,"57":0,"58":0,"59":0,"60":0,"61":0,"62":0,"63":0,"64":0,"65":0,"66":0,"67":0,"68":0,"69":0,"70":0,"71":0,"72":0,"73":0,"74":0,"75":0,"76":0,"77":0,"78":0,"79":0,"80":0},"b":{"0":[0,0],"1":[0,0],"2":[0,0],"3":[0,0,0,0],"4":[0,0],"5":[0,0]}}
,"C:\\Users\\Diers\\OneDrive\\Escritorio\\Proyecto-Colegio-Bautista-Ebenezer-2\\fronted_cbe\\src\\pages\\Tutor.js": {"path":"C:\\Users\\Diers\\OneDrive\\Escritorio\\Proyecto-Colegio-Bautista-Ebenezer-2\\fronted_cbe\\src\\pages\\Tutor.js","statementMap":{"0":{"start":{"line":9,"column":34},"end":{"line":9,"column":46}},"1":{"start":{"line":10,"column":36},"end":{"line":10,"column":48}},"2":{"start":{"line":13,"column":25},"end":{"line":45,"column":5}},"3":{"start":{"line":14,"column":8},"end":{"line":14,"column":27}},"4":{"start":{"line":17,"column":25},"end":{"line":20,"column":9}},"5":{"start":{"line":22,"column":8},"end":{"line":44,"column":9}},"6":{"start":{"line":24,"column":29},"end":{"line":30,"column":14}},"7":{"start":{"line":32,"column":12},"end":{"line":40,"column":13}},"8":{"start":{"line":34,"column":16},"end":{"line":34,"column":42}},"9":{"start":{"line":36,"column":16},"end":{"line":36,"column":31}},"10":{"start":{"line":37,"column":16},"end":{"line":37,"column":32}},"11":{"start":{"line":39,"column":16},"end":{"line":39,"column":53}},"12":{"start":{"line":42,"column":12},"end":{"line":42,"column":59}},"13":{"start":{"line":43,"column":12},"end":{"line":43,"column":55}},"14":{"start":{"line":47,"column":4},"end":{"line":87,"column":6}},"15":{"start":{"line":62,"column":61},"end":{"line":62,"column":106}},"16":{"start":{"line":72,"column":61},"end":{"line":72,"column":154}}},"fnMap":{"0":{"name":"Tutor","decl":{"start":{"line":6,"column":9},"end":{"line":6,"column":14}},"loc":{"start":{"line":6,"column":17},"end":{"line":88,"column":1}},"line":6},"1":{"name":"(anonymous_1)","decl":{"start":{"line":13,"column":25},"end":{"line":13,"column":26}},"loc":{"start":{"line":13,"column":38},"end":{"line":45,"column":5}},"line":13},"2":{"name":"(anonymous_2)","decl":{"start":{"line":62,"column":54},"end":{"line":62,"column":55}},"loc":{"start":{"line":62,"column":61},"end":{"line":62,"column":106}},"line":62},"3":{"name":"(anonymous_3)","decl":{"start":{"line":72,"column":54},"end":{"line":72,"column":55}},"loc":{"start":{"line":72,"column":61},"end":{"line":72,"column":154}},"line":72}},"branchMap":{"0":{"loc":{"start":{"line":32,"column":12},"end":{"line":40,"column":13}},"type":"if","locations":[{"start":{"line":32,"column":12},"end":{"line":40,"column":13}},{"start":{"line":38,"column":19},"end":{"line":40,"column":13}}],"line":32}},"s":{"0":0,"1":0,"2":0,"3":0,"4":0,"5":0,"6":0,"7":0,"8":0,"9":0,"10":0,"11":0,"12":0,"13":0,"14":0,"15":0,"16":0},"f":{"0":0,"1":0,"2":0,"3":0},"b":{"0":[0,0]}}
,"C:\\Users\\Diers\\OneDrive\\Escritorio\\Proyecto-Colegio-Bautista-Ebenezer-2\\fronted_cbe\\src\\pages\\TutorList.js": {"path":"C:\\Users\\Diers\\OneDrive\\Escritorio\\Proyecto-Colegio-Bautista-Ebenezer-2\\fronted_cbe\\src\\pages\\TutorList.js","statementMap":{"0":{"start":{"line":7,"column":32},"end":{"line":7,"column":44}},"1":{"start":{"line":8,"column":36},"end":{"line":8,"column":51}},"2":{"start":{"line":9,"column":44},"end":{"line":9,"column":56}},"3":{"start":{"line":10,"column":34},"end":{"line":13,"column":4}},"4":{"start":{"line":15,"column":40},"end":{"line":15,"column":52}},"5":{"start":{"line":17,"column":29},"end":{"line":19,"column":3}},"6":{"start":{"line":18,"column":4},"end":{"line":18,"column":35}},"7":{"start":{"line":21,"column":26},"end":{"line":24,"column":4}},"8":{"start":{"line":22,"column":4},"end":{"line":23,"column":48}},"9":{"start":{"line":26,"column":20},"end":{"line":33,"column":3}},"10":{"start":{"line":27,"column":4},"end":{"line":27,"column":28}},"11":{"start":{"line":28,"column":4},"end":{"line":31,"column":7}},"12":{"start":{"line":32,"column":4},"end":{"line":32,"column":23}},"13":{"start":{"line":35,"column":27},"end":{"line":41,"column":3}},"14":{"start":{"line":36,"column":18},"end":{"line":36,"column":64}},"15":{"start":{"line":37,"column":4},"end":{"line":40,"column":7}},"16":{"start":{"line":43,"column":28},"end":{"line":57,"column":3}},"17":{"start":{"line":44,"column":16},"end":{"line":44,"column":53}},"18":{"start":{"line":45,"column":4},"end":{"line":48,"column":5}},"19":{"start":{"line":47,"column":6},"end":{"line":47,"column":73}},"20":{"start":{"line":49,"column":4},"end":{"line":52,"column":5}},"21":{"start":{"line":51,"column":6},"end":{"line":51,"column":32}},"22":{"start":{"line":53,"column":4},"end":{"line":56,"column":7}},"23":{"start":{"line":60,"column":22},"end":{"line":65,"column":3}},"24":{"start":{"line":61,"column":4},"end":{"line":64,"column":79}},"25":{"start":{"line":62,"column":26},"end":{"line":62,"column":41}},"26":{"start":{"line":63,"column":22},"end":{"line":63,"column":38}},"27":{"start":{"line":64,"column":24},"end":{"line":64,"column":77}},"28":{"start":{"line":67,"column":23},"end":{"line":92,"column":3}},"29":{"start":{"line":68,"column":4},"end":{"line":91,"column":5}},"30":{"start":{"line":69,"column":6},"end":{"line":88,"column":11}},"31":{"start":{"line":77,"column":10},"end":{"line":83,"column":11}},"32":{"start":{"line":78,"column":12},"end":{"line":78,"column":32}},"33":{"start":{"line":79,"column":12},"end":{"line":79,"column":26}},"34":{"start":{"line":80,"column":12},"end":{"line":80,"column":54}},"35":{"start":{"line":82,"column":12},"end":{"line":82,"column":60}},"36":{"start":{"line":86,"column":10},"end":{"line":86,"column":64}},"37":{"start":{"line":87,"column":10},"end":{"line":87,"column":90}},"38":{"start":{"line":90,"column":6},"end":{"line":90,"column":63}},"39":{"start":{"line":94,"column":23},"end":{"line":113,"column":3}},"40":{"start":{"line":95,"column":25},"end":{"line":95,"column":82}},"41":{"start":{"line":96,"column":4},"end":{"line":112,"column":5}},"42":{"start":{"line":97,"column":6},"end":{"line":111,"column":11}},"43":{"start":{"line":101,"column":10},"end":{"line":106,"column":11}},"44":{"start":{"line":102,"column":12},"end":{"line":102,"column":26}},"45":{"start":{"line":103,"column":12},"end":{"line":103,"column":48}},"46":{"start":{"line":105,"column":12},"end":{"line":105,"column":90}},"47":{"start":{"line":109,"column":10},"end":{"line":109,"column":62}},"48":{"start":{"line":110,"column":10},"end":{"line":110,"column":133}},"49":{"start":{"line":115,"column":2},"end":{"line":117,"column":9}},"50":{"start":{"line":116,"column":4},"end":{"line":116,"column":18}},"51":{"start":{"line":119,"column":2},"end":{"line":223,"column":4}},"52":{"start":{"line":148,"column":16},"end":{"line":170,"column":21}},"53":{"start":{"line":154,"column":63},"end":{"line":154,"column":79}},"54":{"start":{"line":158,"column":62},"end":{"line":158,"column":90}},"55":{"start":{"line":164,"column":39},"end":{"line":164,"column":87}},"56":{"start":{"line":176,"column":44},"end":{"line":176,"column":63}},"57":{"start":{"line":214,"column":53},"end":{"line":214,"column":72}}},"fnMap":{"0":{"name":"TutorList","decl":{"start":{"line":6,"column":9},"end":{"line":6,"column":18}},"loc":{"start":{"line":6,"column":42},"end":{"line":224,"column":1}},"line":6},"1":{"name":"(anonymous_1)","decl":{"start":{"line":17,"column":29},"end":{"line":17,"column":30}},"loc":{"start":{"line":17,"column":36},"end":{"line":19,"column":3}},"line":17},"2":{"name":"(anonymous_2)","decl":{"start":{"line":21,"column":41},"end":{"line":21,"column":42}},"loc":{"start":{"line":21,"column":52},"end":{"line":24,"column":3}},"line":21},"3":{"name":"(anonymous_3)","decl":{"start":{"line":26,"column":20},"end":{"line":26,"column":21}},"loc":{"start":{"line":26,"column":31},"end":{"line":33,"column":3}},"line":26},"4":{"name":"(anonymous_4)","decl":{"start":{"line":35,"column":27},"end":{"line":35,"column":28}},"loc":{"start":{"line":35,"column":34},"end":{"line":41,"column":3}},"line":35},"5":{"name":"(anonymous_5)","decl":{"start":{"line":43,"column":28},"end":{"line":43,"column":29}},"loc":{"start":{"line":43,"column":35},"end":{"line":57,"column":3}},"line":43},"6":{"name":"(anonymous_6)","decl":{"start":{"line":60,"column":22},"end":{"line":60,"column":23}},"loc":{"start":{"line":60,"column":28},"end":{"line":65,"column":3}},"line":60},"7":{"name":"(anonymous_7)","decl":{"start":{"line":62,"column":12},"end":{"line":62,"column":13}},"loc":{"start":{"line":62,"column":26},"end":{"line":62,"column":41}},"line":62},"8":{"name":"(anonymous_8)","decl":{"start":{"line":63,"column":12},"end":{"line":63,"column":13}},"loc":{"start":{"line":63,"column":22},"end":{"line":63,"column":38}},"line":63},"9":{"name":"(anonymous_9)","decl":{"start":{"line":64,"column":13},"end":{"line":64,"column":14}},"loc":{"start":{"line":64,"column":24},"end":{"line":64,"column":77}},"line":64},"10":{"name":"(anonymous_10)","decl":{"start":{"line":67,"column":23},"end":{"line":67,"column":24}},"loc":{"start":{"line":67,"column":29},"end":{"line":92,"column":3}},"line":67},"11":{"name":"(anonymous_11)","decl":{"start":{"line":76,"column":14},"end":{"line":76,"column":15}},"loc":{"start":{"line":76,"column":28},"end":{"line":84,"column":9}},"line":76},"12":{"name":"(anonymous_12)","decl":{"start":{"line":85,"column":15},"end":{"line":85,"column":16}},"loc":{"start":{"line":85,"column":26},"end":{"line":88,"column":9}},"line":85},"13":{"name":"(anonymous_13)","decl":{"start":{"line":94,"column":23},"end":{"line":94,"column":24}},"loc":{"start":{"line":94,"column":36},"end":{"line":113,"column":3}},"line":94},"14":{"name":"(anonymous_14)","decl":{"start":{"line":100,"column":14},"end":{"line":100,"column":15}},"loc":{"start":{"line":100,"column":28},"end":{"line":107,"column":9}},"line":100},"15":{"name":"(anonymous_15)","decl":{"start":{"line":108,"column":15},"end":{"line":108,"column":16}},"loc":{"start":{"line":108,"column":26},"end":{"line":111,"column":9}},"line":108},"16":{"name":"(anonymous_16)","decl":{"start":{"line":115,"column":12},"end":{"line":115,"column":13}},"loc":{"start":{"line":115,"column":18},"end":{"line":117,"column":3}},"line":115},"17":{"name":"(anonymous_17)","decl":{"start":{"line":147,"column":35},"end":{"line":147,"column":36}},"loc":{"start":{"line":148,"column":16},"end":{"line":170,"column":21}},"line":148},"18":{"name":"(anonymous_18)","decl":{"start":{"line":154,"column":57},"end":{"line":154,"column":58}},"loc":{"start":{"line":154,"column":63},"end":{"line":154,"column":79}},"line":154},"19":{"name":"(anonymous_19)","decl":{"start":{"line":158,"column":56},"end":{"line":158,"column":57}},"loc":{"start":{"line":158,"column":62},"end":{"line":158,"column":90}},"line":158},"20":{"name":"(anonymous_20)","decl":{"start":{"line":164,"column":33},"end":{"line":164,"column":34}},"loc":{"start":{"line":164,"column":39},"end":{"line":164,"column":87}},"line":164},"21":{"name":"(anonymous_21)","decl":{"start":{"line":176,"column":38},"end":{"line":176,"column":39}},"loc":{"start":{"line":176,"column":44},"end":{"line":176,"column":63}},"line":176},"22":{"name":"(anonymous_22)","decl":{"start":{"line":214,"column":47},"end":{"line":214,"column":48}},"loc":{"start":{"line":214,"column":53},"end":{"line":214,"column":72}},"line":214}},"branchMap":{"0":{"loc":{"start":{"line":22,"column":11},"end":{"line":23,"column":47}},"type":"binary-expr","locations":[{"start":{"line":22,"column":11},"end":{"line":22,"column":74}},{"start":{"line":23,"column":11},"end":{"line":23,"column":47}}],"line":22},"1":{"loc":{"start":{"line":30,"column":16},"end":{"line":30,"column":40}},"type":"binary-expr","locations":[{"start":{"line":30,"column":16},"end":{"line":30,"column":30}},{"start":{"line":30,"column":34},"end":{"line":30,"column":40}}],"line":30},"2":{"loc":{"start":{"line":45,"column":4},"end":{"line":48,"column":5}},"type":"if","locations":[{"start":{"line":45,"column":4},"end":{"line":48,"column":5}},{"start":{},"end":{}}],"line":45},"3":{"loc":{"start":{"line":49,"column":4},"end":{"line":52,"column":5}},"type":"if","locations":[{"start":{"line":49,"column":4},"end":{"line":52,"column":5}},{"start":{},"end":{}}],"line":49},"4":{"loc":{"start":{"line":68,"column":4},"end":{"line":91,"column":5}},"type":"if","locations":[{"start":{"line":68,"column":4},"end":{"line":91,"column":5}},{"start":{"line":89,"column":11},"end":{"line":91,"column":5}}],"line":68},"5":{"loc":{"start":{"line":77,"column":10},"end":{"line":83,"column":11}},"type":"if","locations":[{"start":{"line":77,"column":10},"end":{"line":83,"column":11}},{"start":{"line":81,"column":17},"end":{"line":83,"column":11}}],"line":77},"6":{"loc":{"start":{"line":96,"column":4},"end":{"line":112,"column":5}},"type":"if","locations":[{"start":{"line":96,"column":4},"end":{"line":112,"column":5}},{"start":{},"end":{}}],"line":96},"7":{"loc":{"start":{"line":101,"column":10},"end":{"line":106,"column":11}},"type":"if","locations":[{"start":{"line":101,"column":10},"end":{"line":106,"column":11}},{"start":{"line":104,"column":17},"end":{"line":106,"column":11}}],"line":101}},"s":{"0":0,"1":0,"2":0,"3":0,"4":0,"5":0,"6":0,"7":0,"8":0,"9":0,"10":0,"11":0,"12":0,"13":0,"14":0,"15":0,"16":0,"17":0,"18":0,"19":0,"20":0,"21":0,"22":0,"23":0,"24":0,"25":0,"26":0,"27":0,"28":0,"29":0,"30":0,"31":0,"32":0,"33":0,"34":0,"35":0,"36":0,"37":0,"38":0,"39":0,"40":0,"41":0,"42":0,"43":0,"44":0,"45":0,"46":0,"47":0,"48":0,"49":0,"50":0,"51":0,"52":0,"53":0,"54":0,"55":0,"56":0,"57":0},"f":{"0":0,"1":0,"2":0,"3":0,"4":0,"5":0,"6":0,"7":0,"8":0,"9":0,"10":0,"11":0,"12":0,"13":0,"14":0,"15":0,"16":0,"17":0,"18":0,"19":0,"20":0,"21":0,"22":0},"b":{"0":[0,0],"1":[0,0],"2":[0,0],"3":[0,0],"4":[0,0],"5":[0,0],"6":[0,0],"7":[0,0]},"_coverageSchema":"1a1c01bbd47fc00a2c39e90264f33305004495a9","hash":"40b5b68b59ca919d7492f740562951caf96aff8b"}
}
