TN:
SF:src\App.js
FN:26,App
FNF:1
FNH:1
FNDA:1,App
DA:27,1
DA:29,1
LF:2
LH:2
BRF:0
BRH:0
end_of_record
TN:
SF:src\components\Header.js
FN:6,Header
FN:10,(anonymous_1)
FN:14,(anonymous_2)
FNF:3
FNH:0
FNDA:0,Header
FNDA:0,(anonymous_1)
FNDA:0,(anonymous_2)
DA:7,0
DA:8,0
DA:10,0
DA:11,0
DA:14,0
DA:15,0
DA:18,0
LF:7
LH:0
BRDA:27,0,0,0
BRDA:27,0,1,0
BRDA:67,1,0,0
BRDA:67,1,1,0
BRDA:67,1,2,0
BRDA:80,2,0,0
BRDA:80,2,1,0
BRDA:93,3,0,0
BRDA:93,3,1,0
BRDA:133,4,0,0
BRDA:133,4,1,0
BRDA:133,4,2,0
BRF:12
BRH:0
end_of_record
TN:
SF:src\pages\Login.js
FN:5,(anonymous_0)
FN:11,(anonymous_1)
FN:91,(anonymous_2)
FN:102,(anonymous_3)
FNF:4
FNH:2
FNDA:2,(anonymous_0)
FNDA:1,(anonymous_1)
FNDA:0,(anonymous_2)
FNDA:0,(anonymous_3)
DA:5,2
DA:6,2
DA:8,2
DA:9,2
DA:11,2
DA:12,1
DA:13,1
DA:15,1
DA:16,1
DA:24,1
DA:25,1
DA:26,1
DA:27,1
DA:28,1
DA:30,0
DA:31,0
DA:34,0
DA:38,2
DA:91,0
DA:102,0
LF:20
LH:15
BRDA:24,0,0,1
BRDA:24,0,1,0
BRF:2
BRH:1
end_of_record
TN:
SF:src\pages\Reportes.js
FN:9,(anonymous_0)
FN:35,(anonymous_1)
FN:37,(anonymous_2)
FN:38,(anonymous_3)
FN:39,(anonymous_4)
FN:42,(anonymous_5)
FN:44,(anonymous_6)
FN:45,(anonymous_7)
FN:46,(anonymous_8)
FN:49,(anonymous_9)
FN:51,(anonymous_10)
FN:52,(anonymous_11)
FN:53,(anonymous_12)
FN:56,(anonymous_13)
FN:58,(anonymous_14)
FN:59,(anonymous_15)
FN:60,(anonymous_16)
FN:63,(anonymous_17)
FN:65,(anonymous_18)
FN:66,(anonymous_19)
FN:67,(anonymous_20)
FN:70,(anonymous_21)
FN:72,(anonymous_22)
FN:73,(anonymous_23)
FN:74,(anonymous_24)
FN:77,(anonymous_25)
FN:79,(anonymous_26)
FN:80,(anonymous_27)
FN:81,(anonymous_28)
FN:84,(anonymous_29)
FN:86,(anonymous_30)
FN:87,(anonymous_31)
FN:88,(anonymous_32)
FN:91,(anonymous_33)
FN:93,(anonymous_34)
FN:94,(anonymous_35)
FN:95,(anonymous_36)
FN:99,(anonymous_37)
FN:112,(anonymous_38)
FN:113,(anonymous_39)
FN:136,(anonymous_40)
FN:153,(anonymous_41)
FN:176,(anonymous_42)
FN:193,(anonymous_43)
FN:216,(anonymous_44)
FN:234,(anonymous_45)
FN:234,(anonymous_46)
FN:235,(anonymous_47)
FN:235,(anonymous_48)
FN:236,(anonymous_49)
FN:236,(anonymous_50)
FN:237,(anonymous_51)
FN:237,(anonymous_52)
FN:238,(anonymous_53)
FN:238,(anonymous_54)
FN:239,(anonymous_55)
FN:239,(anonymous_56)
FN:240,(anonymous_57)
FN:240,(anonymous_58)
FN:241,(anonymous_59)
FN:241,(anonymous_60)
FN:242,(anonymous_61)
FN:242,(anonymous_62)
FN:245,(anonymous_63)
FN:246,(anonymous_64)
FN:246,(anonymous_65)
FN:249,(anonymous_66)
FN:257,(anonymous_67)
FN:280,(anonymous_68)
FN:293,(anonymous_69)
FN:306,(anonymous_70)
FN:319,(anonymous_71)
FN:332,(anonymous_72)
FN:345,(anonymous_73)
FN:349,(anonymous_74)
FN:362,(anonymous_75)
FN:366,(anonymous_76)
FN:370,(anonymous_77)
FN:383,(anonymous_78)
FN:396,(anonymous_79)
FNF:80
FNH:0
FNDA:0,(anonymous_0)
FNDA:0,(anonymous_1)
FNDA:0,(anonymous_2)
FNDA:0,(anonymous_3)
FNDA:0,(anonymous_4)
FNDA:0,(anonymous_5)
FNDA:0,(anonymous_6)
FNDA:0,(anonymous_7)
FNDA:0,(anonymous_8)
FNDA:0,(anonymous_9)
FNDA:0,(anonymous_10)
FNDA:0,(anonymous_11)
FNDA:0,(anonymous_12)
FNDA:0,(anonymous_13)
FNDA:0,(anonymous_14)
FNDA:0,(anonymous_15)
FNDA:0,(anonymous_16)
FNDA:0,(anonymous_17)
FNDA:0,(anonymous_18)
FNDA:0,(anonymous_19)
FNDA:0,(anonymous_20)
FNDA:0,(anonymous_21)
FNDA:0,(anonymous_22)
FNDA:0,(anonymous_23)
FNDA:0,(anonymous_24)
FNDA:0,(anonymous_25)
FNDA:0,(anonymous_26)
FNDA:0,(anonymous_27)
FNDA:0,(anonymous_28)
FNDA:0,(anonymous_29)
FNDA:0,(anonymous_30)
FNDA:0,(anonymous_31)
FNDA:0,(anonymous_32)
FNDA:0,(anonymous_33)
FNDA:0,(anonymous_34)
FNDA:0,(anonymous_35)
FNDA:0,(anonymous_36)
FNDA:0,(anonymous_37)
FNDA:0,(anonymous_38)
FNDA:0,(anonymous_39)
FNDA:0,(anonymous_40)
FNDA:0,(anonymous_41)
FNDA:0,(anonymous_42)
FNDA:0,(anonymous_43)
FNDA:0,(anonymous_44)
FNDA:0,(anonymous_45)
FNDA:0,(anonymous_46)
FNDA:0,(anonymous_47)
FNDA:0,(anonymous_48)
FNDA:0,(anonymous_49)
FNDA:0,(anonymous_50)
FNDA:0,(anonymous_51)
FNDA:0,(anonymous_52)
FNDA:0,(anonymous_53)
FNDA:0,(anonymous_54)
FNDA:0,(anonymous_55)
FNDA:0,(anonymous_56)
FNDA:0,(anonymous_57)
FNDA:0,(anonymous_58)
FNDA:0,(anonymous_59)
FNDA:0,(anonymous_60)
FNDA:0,(anonymous_61)
FNDA:0,(anonymous_62)
FNDA:0,(anonymous_63)
FNDA:0,(anonymous_64)
FNDA:0,(anonymous_65)
FNDA:0,(anonymous_66)
FNDA:0,(anonymous_67)
FNDA:0,(anonymous_68)
FNDA:0,(anonymous_69)
FNDA:0,(anonymous_70)
FNDA:0,(anonymous_71)
FNDA:0,(anonymous_72)
FNDA:0,(anonymous_73)
FNDA:0,(anonymous_74)
FNDA:0,(anonymous_75)
FNDA:0,(anonymous_76)
FNDA:0,(anonymous_77)
FNDA:0,(anonymous_78)
FNDA:0,(anonymous_79)
DA:9,1
DA:10,0
DA:11,0
DA:12,0
DA:13,0
DA:14,0
DA:15,0
DA:16,0
DA:17,0
DA:18,0
DA:19,0
DA:20,0
DA:22,0
DA:35,0
DA:36,0
DA:37,0
DA:38,0
DA:39,0
DA:42,0
DA:43,0
DA:44,0
DA:45,0
DA:46,0
DA:49,0
DA:50,0
DA:51,0
DA:52,0
DA:53,0
DA:56,0
DA:57,0
DA:58,0
DA:59,0
DA:60,0
DA:63,0
DA:64,0
DA:65,0
DA:66,0
DA:67,0
DA:70,0
DA:71,0
DA:72,0
DA:73,0
DA:74,0
DA:77,0
DA:78,0
DA:79,0
DA:80,0
DA:81,0
DA:84,0
DA:85,0
DA:86,0
DA:87,0
DA:88,0
DA:91,0
DA:92,0
DA:93,0
DA:94,0
DA:95,0
DA:99,0
DA:100,0
DA:101,0
DA:102,0
DA:103,0
DA:104,0
DA:105,0
DA:106,0
DA:107,0
DA:108,0
DA:112,0
DA:113,0
DA:114,0
DA:115,0
DA:116,0
DA:137,0
DA:149,0
DA:153,0
DA:154,0
DA:155,0
DA:156,0
DA:177,0
DA:189,0
DA:193,0
DA:194,0
DA:195,0
DA:196,0
DA:217,0
DA:229,0
DA:233,0
DA:234,0
DA:235,0
DA:236,0
DA:237,0
DA:238,0
DA:239,0
DA:240,0
DA:241,0
DA:242,0
DA:245,0
DA:246,0
DA:249,0
DA:250,0
DA:251,0
DA:252,0
DA:253,0
DA:254,0
DA:255,0
DA:256,0
DA:257,0
DA:258,0
DA:259,0
DA:260,0
DA:261,0
DA:262,0
DA:265,0
DA:269,0
DA:280,0
DA:293,0
DA:306,0
DA:319,0
DA:332,0
DA:345,0
DA:349,0
DA:362,0
DA:366,0
DA:370,0
DA:383,0
DA:396,0
LF:127
LH:1
BRDA:114,0,0,0
BRDA:114,0,1,0
BRDA:154,1,0,0
BRDA:154,1,1,0
BRDA:194,2,0,0
BRDA:194,2,1,0
BRDA:246,3,0,0
BRDA:246,3,1,0
BRDA:250,4,0,0
BRDA:250,4,1,0
BRDA:258,5,0,0
BRDA:258,5,1,0
BRDA:258,5,2,0
BRDA:258,5,3,0
BRDA:258,6,0,0
BRDA:258,6,1,0
BRDA:260,7,0,0
BRDA:260,7,1,0
BRF:18
BRH:0
end_of_record
